I 1 1289.697107305
E 0 2 0 0.000019873 94252469169488 8
E 0 3 0 0.000021238 94252469169496 8
E 0 4 0 0.000021776 94252469169504 8
E 0 5 0 0.000022224 94252469169512 8
E 0 6 0 0.000022659 94252469169520 8
E 0 7 0 0.000023079 94252469169536 8
E 0 8 0 0.000023477 94252469169544 8
E 0 9 0 0.000023856 94252469169552 8
E 0 10 0 0.000024239 94252469169560 8
E 0 11 0 0.000024702 94252469169568 8
E 0 12 0 0.000025110 94252469169584 8
E 0 13 0 0.000025502 94252469169592 8
E 0 14 0 0.000025885 94252469169600 8
E 0 15 0 0.000026267 94252469169608 8
E 0 16 0 0.000026653 94252469169616 8
E 0 17 0 0.000027045 94252469169632 8
E 0 18 0 0.000027425 94252469169640 8
E 0 19 0 0.000027808 94252469169648 8
E 0 20 0 0.000028196 94252469169656 8
E 0 21 0 0.000028584 94252469169664 8
E 0 22 0 0.000028985 94252469169680 8
E 0 23 0 0.000029369 94252469169688 8
E 0 24 0 0.000029756 94252469169696 8
E 0 25 0 0.000030147 94252469169704 8
E 0 26 0 0.000030537 94252469169712 8
E 0 27 0 0.000033309 94252469169488 8
E 0 28 0 0.000034195 94252469169496 8
E 0 29 0 0.000034804 94252469169504 8
E 0 30 0 0.000035433 94252469169512 8
E 0 31 0 0.000036027 94252469169520 8
E 0 32 0 0.000036669 94252469169536 8
E 0 33 0 0.000037259 94252469169544 8
E 0 34 0 0.000037871 94252469169552 8
E 0 35 0 0.000038479 94252469169560 8
E 0 36 0 0.000039083 94252469169568 8
E 0 37 0 0.000039683 94252469169584 8
E 0 38 0 0.000040281 94252469169592 8
E 0 39 0 0.000040854 94252469169600 8
E 0 40 0 0.000041456 94252469169608 8
E 0 41 0 0.000042042 94252469169616 8
E 0 42 0 0.000042638 94252469169632 8
E 0 43 0 0.000043289 94252469169640 8
E 0 44 0 0.000043896 94252469169648 8
E 0 45 0 0.000044509 94252469169656 8
E 0 46 0 0.000045077 94252469169664 8
E 0 47 0 0.000045692 94252469169680 8
E 0 48 0 0.000046284 94252469169688 8
E 0 49 0 0.000046886 94252469169696 8
E 0 50 0 0.000047496 94252469169704 8
E 0 51 0 0.000048099 94252469169712 8
E 0 52 1 0.000054678 94252469169776 8
E 0 53 1 0.000055188 94252469169784 8
E 0 54 1 0.000055599 94252469169792 8
E 0 55 1 0.000055994 94252469169800 8
E 0 56 1 0.000056371 94252469169808 8
E 0 57 1 0.000056761 94252469169824 8
E 0 58 1 0.000057162 94252469169832 8
E 0 59 1 0.000057553 94252469169840 8
E 0 60 1 0.000057941 94252469169848 8
E 0 61 1 0.000058331 94252469169856 8
E 0 62 1 0.000058736 94252469169872 8
E 0 63 1 0.000059128 94252469169880 8
E 0 64 1 0.000059509 94252469169888 8
E 0 65 1 0.000059890 94252469169896 8
E 0 66 1 0.000060275 94252469169904 8
E 0 67 1 0.000060666 94252469169920 8
E 0 68 1 0.000061042 94252469169928 8
E 0 69 1 0.000061422 94252469169936 8
E 0 70 1 0.000061799 94252469169944 8
E 0 71 1 0.000062179 94252469169952 8
E 0 72 1 0.000062573 94252469169968 8
E 0 73 1 0.000062951 94252469169976 8
E 0 74 1 0.000063332 94252469169984 8
E 0 75 1 0.000063706 94252469169992 8
E 0 76 1 0.000064087 94252469170000 8
E 0 77 1 0.000064831 94252469169776 8
E 0 78 1 0.000065471 94252469169784 8
E 0 79 1 0.000066074 94252469169792 8
E 0 80 1 0.000066683 94252469169800 8
E 0 81 1 0.000067275 94252469169808 8
E 0 82 1 0.000067891 94252469169824 8
E 0 83 1 0.000068498 94252469169832 8
E 0 84 1 0.000069106 94252469169840 8
E 0 85 1 0.000069710 94252469169848 8
E 0 86 1 0.000070291 94252469169856 8
E 0 87 1 0.000070903 94252469169872 8
E 0 88 1 0.000071523 94252469169880 8
E 0 89 1 0.000072131 94252469169888 8
E 0 90 1 0.000072734 94252469169896 8
E 0 91 1 0.000073352 94252469169904 8
E 0 92 1 0.000073971 94252469169920 8
E 0 93 1 0.000074606 94252469169928 8
E 0 94 1 0.000075214 94252469169936 8
E 0 95 1 0.000075834 94252469169944 8
E 0 96 1 0.000076422 94252469169952 8
E 0 97 1 0.000077031 94252469169968 8
E 0 98 1 0.000077647 94252469169976 8
E 0 99 1 0.000078273 94252469169984 8
E 0 100 1 0.000078871 94252469169992 8
E 0 101 1 0.000079539 94252469170000 8
E 0 102 2 0.000081303 94252469165376 8
E 0 103 2 0.000081739 94252469165384 8
E 0 104 2 0.000082147 94252469165392 8
E 0 105 2 0.000082545 94252469165400 8
E 0 106 2 0.000082933 94252469165408 8
E 0 107 2 0.000083346 94252469165424 8
E 0 108 2 0.000083746 94252469165432 8
E 0 109 2 0.000084143 94252469165440 8
E 0 110 2 0.000098413 94252469165448 8
E 0 111 2 0.000098845 94252469165456 8
E 0 112 2 0.000099256 94252469165472 8
E 0 113 2 0.000099667 94252469165480 8
E 0 114 2 0.000100085 94252469165488 8
E 0 115 2 0.000100533 94252469165496 8
E 0 116 2 0.000100946 94252469165504 8
E 0 117 2 0.000101361 94252469165520 8
E 0 118 2 0.000101756 94252469165528 8
E 0 119 2 0.000102152 94252469165536 8
E 0 120 2 0.000102551 94252469165544 8
E 0 121 2 0.000102952 94252469165552 8
E 0 122 2 0.000103371 94252469165568 8
E 0 123 2 0.000103793 94252469165576 8
E 0 124 2 0.000104183 94252469165584 8
E 0 125 2 0.000104576 94252469165592 8
E 0 126 2 0.000104969 94252469165600 8
L 1 127 0 0.000105567 94252469169488 8
L 1 128 0 0.000106222 94252469169496 8
L 1 129 0 0.000106712 94252469169504 8
L 1 130 0 0.000107121 94252469169512 8
L 1 131 0 0.000107538 94252469169520 8
L 1 132 0 0.000107990 94252469169536 8
L 1 133 0 0.000108427 94252469169544 8
L 1 134 0 0.000108827 94252469169552 8
L 1 135 0 0.000109241 94252469169560 8
L 1 136 0 0.000109638 94252469169568 8
L 1 137 0 0.000110046 94252469169584 8
L 1 138 0 0.000110457 94252469169592 8
L 1 139 0 0.000110868 94252469169600 8
L 1 140 0 0.000111291 94252469169608 8
L 1 141 0 0.000111697 94252469169616 8
L 1 142 0 0.000112105 94252469169632 8
L 1 143 0 0.000112503 94252469169640 8
L 1 144 0 0.000112898 94252469169648 8
L 1 145 0 0.000113305 94252469169656 8
L 1 146 0 0.000113705 94252469169664 8
L 1 147 0 0.000114127 94252469169680 8
L 1 148 0 0.000114524 94252469169688 8
L 1 149 0 0.000114925 94252469169696 8
L 1 150 0 0.000115354 94252469169704 8
L 1 151 0 0.000115753 94252469169712 8
L 1 152 1 0.000116209 94252469169776 8
L 1 153 1 0.000116627 94252469169784 8
L 1 154 1 0.000117022 94252469169792 8
L 1 155 1 0.000117402 94252469169800 8
L 1 156 1 0.000135819 94252469169808 8
L 1 157 1 0.000136334 94252469169824 8
L 1 158 1 0.000136715 94252469169832 8
L 1 159 1 0.000137100 94252469169840 8
L 1 160 1 0.000137485 94252469169848 8
L 1 161 1 0.000137889 94252469169856 8
L 1 162 1 0.000138281 94252469169872 8
L 1 163 1 0.000138664 94252469169880 8
L 1 164 1 0.000139047 94252469169888 8
L 1 165 1 0.000139433 94252469169896 8
L 1 166 1 0.000139810 94252469169904 8
L 1 167 1 0.000140208 94252469169920 8
L 1 168 1 0.000140586 94252469169928 8
L 1 169 1 0.000140971 94252469169936 8
L 1 170 1 0.000141353 94252469169944 8
L 1 171 1 0.000141731 94252469169952 8
L 1 172 1 0.000142125 94252469169968 8
L 1 173 1 0.000142504 94252469169976 8
L 1 174 1 0.000142885 94252469169984 8
L 1 175 1 0.000143265 94252469169992 8
L 1 176 1 0.000143641 94252469170000 8
L 1 177 2 0.000144134 94252469165376 8
L 1 178 2 0.000144516 94252469165384 8
L 1 179 2 0.000144894 94252469165392 8
L 1 180 2 0.000145276 94252469165400 8
L 1 181 2 0.000145675 94252469165408 8
L 1 182 2 0.000146086 94252469165424 8
L 1 183 2 0.000146476 94252469165432 8
L 1 184 2 0.000146871 94252469165440 8
L 1 185 2 0.000147251 94252469165448 8
L 1 186 2 0.000147629 94252469165456 8
L 1 187 2 0.000148023 94252469165472 8
L 1 188 2 0.000148404 94252469165480 8
L 1 189 2 0.000148784 94252469165488 8
L 1 190 2 0.000149172 94252469165496 8
L 1 191 2 0.000149571 94252469165504 8
L 1 192 2 0.000149966 94252469165520 8
L 1 193 2 0.000150351 94252469165528 8
L 1 194 2 0.000150735 94252469165536 8
L 1 195 2 0.000151119 94252469165544 8
L 1 196 2 0.000151495 94252469165552 8
L 1 197 2 0.000151885 94252469165568 8
L 1 198 2 0.000152284 94252469165576 8
L 1 199 2 0.000152670 94252469165584 8
L 1 200 2 0.000153071 94252469165592 8
L 1 201 2 0.000153445 94252469165600 8
L 1 202 0 0.000154309 94252469169488 8
L 1 203 1 0.000154761 94252469169776 8
E 1 204 2 0.000155155 94252469165664 8
L 1 205 0 0.000155604 94252469169496 8
L 1 206 1 0.000156042 94252469169824 8
E 1 207 2 0.000156427 94252469165664 8
L 1 208 0 0.000156852 94252469169504 8
L 1 209 1 0.000157263 94252469169872 8
E 1 210 2 0.000157636 94252469165664 8
L 1 211 0 0.000158032 94252469169512 8
L 1 212 1 0.000158430 94252469169920 8
E 1 213 2 0.000158819 94252469165664 8
L 1 214 0 0.000159185 94252469169520 8
L 1 215 1 0.000169230 94252469169968 8
E 1 216 2 0.000169646 94252469165664 8
L 1 217 0 0.000170072 94252469169488 8
L 1 218 1 0.000170479 94252469169784 8
E 1 219 2 0.000170869 94252469165672 8
L 1 220 0 0.000171271 94252469169496 8
L 1 221 1 0.000171681 94252469169832 8
E 1 222 2 0.000172077 94252469165672 8
L 1 223 0 0.000172459 94252469169504 8
L 1 224 1 0.000172862 94252469169880 8
E 1 225 2 0.000173246 94252469165672 8
L 1 226 0 0.000173630 94252469169512 8
L 1 227 1 0.000174030 94252469169928 8
E 1 228 2 0.000174410 94252469165672 8
L 1 229 0 0.000174784 94252469169520 8
L 1 230 1 0.000175173 94252469169976 8
E 1 231 2 0.000175560 94252469165672 8
L 1 232 0 0.000175950 94252469169488 8
L 1 233 1 0.000176378 94252469169792 8
E 1 234 2 0.000176771 94252469165680 8
L 1 235 0 0.000177150 94252469169496 8
L 1 236 1 0.000177557 94252469169840 8
E 1 237 2 0.000177951 94252469165680 8
L 1 238 0 0.000178328 94252469169504 8
L 1 239 1 0.000178718 94252469169888 8
E 1 240 2 0.000179094 94252469165680 8
L 1 241 0 0.000179469 94252469169512 8
L 1 242 1 0.000179868 94252469169936 8
E 1 243 2 0.000180262 94252469165680 8
L 1 244 0 0.000180638 94252469169520 8
L 1 245 1 0.000181035 94252469169984 8
E 1 246 2 0.000181421 94252469165680 8
L 1 247 0 0.000181808 94252469169488 8
L 1 248 1 0.000182206 94252469169800 8
E 1 249 2 0.000182595 94252469165688 8
L 1 250 0 0.000182970 94252469169496 8
L 1 251 1 0.000183365 94252469169848 8
E 1 252 2 0.000183751 94252469165688 8
L 1 253 0 0.000184133 94252469169504 8
L 1 254 1 0.000184545 94252469169896 8
E 1 255 2 0.000184932 94252469165688 8
L 1 256 0 0.000185305 94252469169512 8
L 1 257 1 0.000185701 94252469169944 8
E 1 258 2 0.000186088 94252469165688 8
L 1 259 0 0.000186468 94252469169520 8
L 1 260 1 0.000186880 94252469169992 8
E 1 261 2 0.000187262 94252469165688 8
L 1 262 0 0.000187655 94252469169488 8
L 1 263 1 0.000188043 94252469169808 8
E 1 264 2 0.000188436 94252469165696 8
L 1 265 0 0.000188821 94252469169496 8
L 1 266 1 0.000189223 94252469169856 8
E 1 267 2 0.000189624 94252469165696 8
L 1 268 0 0.000190006 94252469169504 8
L 1 269 1 0.000190399 94252469169904 8
E 1 270 2 0.000190781 94252469165696 8
L 1 271 0 0.000191154 94252469169512 8
L 1 272 1 0.000191561 94252469169952 8
E 1 273 2 0.000191943 94252469165696 8
L 1 274 0 0.000192324 94252469169520 8
L 1 275 1 0.000192719 94252469170000 8
E 1 276 2 0.000193103 94252469165696 8
L 1 277 0 0.000193508 94252469169536 8
L 1 278 1 0.000193898 94252469169776 8
E 1 279 2 0.000194284 94252469165712 8
L 1 280 0 0.000194663 94252469169544 8
L 1 281 1 0.000195053 94252469169824 8
E 1 282 2 0.000195441 94252469165712 8
L 1 283 0 0.000195828 94252469169552 8
L 1 284 1 0.000196211 94252469169872 8
E 1 285 2 0.000196592 94252469165712 8
L 1 286 0 0.000196968 94252469169560 8
L 1 287 1 0.000197351 94252469169920 8
E 1 288 2 0.000197736 94252469165712 8
L 1 289 0 0.000198110 94252469169568 8
L 1 290 1 0.000198496 94252469169968 8
E 1 291 2 0.000198884 94252469165712 8
L 1 292 0 0.000199281 94252469169536 8
L 1 293 1 0.000199675 94252469169784 8
E 1 294 2 0.000200063 94252469165720 8
L 1 295 0 0.000200439 94252469169544 8
L 1 296 1 0.000200827 94252469169832 8
E 1 297 2 0.000201214 94252469165720 8
L 1 298 0 0.000201602 94252469169552 8
L 1 299 1 0.000201987 94252469169880 8
E 1 300 2 0.000202368 94252469165720 8
L 1 301 0 0.000202744 94252469169560 8
L 1 302 1 0.000203130 94252469169928 8
E 1 303 2 0.000203505 94252469165720 8
L 1 304 0 0.000203879 94252469169568 8
L 1 305 1 0.000204261 94252469169976 8
E 1 306 2 0.000204663 94252469165720 8
L 1 307 0 0.000205059 94252469169536 8
L 1 308 1 0.000205456 94252469169792 8
E 1 309 2 0.000205846 94252469165728 8
L 1 310 0 0.000206228 94252469169544 8
L 1 311 1 0.000206621 94252469169840 8
E 1 312 2 0.000207009 94252469165728 8
L 1 313 0 0.000207391 94252469169552 8
L 1 314 1 0.000207785 94252469169888 8
E 1 315 2 0.000208166 94252469165728 8
L 1 316 0 0.000208541 94252469169560 8
L 1 317 1 0.000208973 94252469169936 8
E 1 318 2 0.000209361 94252469165728 8
L 1 319 0 0.000209743 94252469169568 8
L 1 320 1 0.000214686 94252469169984 8
E 1 321 2 0.000215136 94252469165728 8
L 1 322 0 0.000215551 94252469169536 8
L 1 323 1 0.000215984 94252469169800 8
E 1 324 2 0.000216378 94252469165736 8
L 1 325 0 0.000216765 94252469169544 8
L 1 326 1 0.000217163 94252469169848 8
E 1 327 2 0.000217549 94252469165736 8
L 1 328 0 0.000217951 94252469169552 8
L 1 329 1 0.000218352 94252469169896 8
E 1 330 2 0.000218738 94252469165736 8
L 1 331 0 0.000219119 94252469169560 8
L 1 332 1 0.000219519 94252469169944 8
E 1 333 2 0.000219905 94252469165736 8
L 1 334 0 0.000220291 94252469169568 8
L 1 335 1 0.000220714 94252469169992 8
E 1 336 2 0.000221095 94252469165736 8
L 1 337 0 0.000221487 94252469169536 8
L 1 338 1 0.000221888 94252469169808 8
E 1 339 2 0.000222276 94252469165744 8
L 1 340 0 0.000222649 94252469169544 8
L 1 341 1 0.000223048 94252469169856 8
E 1 342 2 0.000223427 94252469165744 8
L 1 343 0 0.000223797 94252469169552 8
L 1 344 1 0.000224199 94252469169904 8
E 1 345 2 0.000224581 94252469165744 8
L 1 346 0 0.000224982 94252469169560 8
L 1 347 1 0.000225376 94252469169952 8
E 1 348 2 0.000225754 94252469165744 8
L 1 349 0 0.000226132 94252469169568 8
L 1 350 1 0.000226528 94252469170000 8
E 1 351 2 0.000226909 94252469165744 8
L 1 352 0 0.000227327 94252469169584 8
L 1 353 1 0.000227725 94252469169776 8
E 1 354 2 0.000228112 94252469165760 8
L 1 355 0 0.000228486 94252469169592 8
L 1 356 1 0.000228893 94252469169824 8
E 1 357 2 0.000229271 94252469165760 8
L 1 358 0 0.000229653 94252469169600 8
L 1 359 1 0.000230044 94252469169872 8
E 1 360 2 0.000230428 94252469165760 8
L 1 361 0 0.000230809 94252469169608 8
L 1 362 1 0.000231214 94252469169920 8
E 1 363 2 0.000231603 94252469165760 8
L 1 364 0 0.000231988 94252469169616 8
L 1 365 1 0.000232373 94252469169968 8
E 1 366 2 0.000232759 94252469165760 8
L 1 367 0 0.000233148 94252469169584 8
L 1 368 1 0.000233535 94252469169784 8
E 1 369 2 0.000233935 94252469165768 8
L 1 370 0 0.000234324 94252469169592 8
L 1 371 1 0.000234717 94252469169832 8
E 1 372 2 0.000235090 94252469165768 8
L 1 373 0 0.000235472 94252469169600 8
L 1 374 1 0.000235857 94252469169880 8
E 1 375 2 0.000236258 94252469165768 8
L 1 376 0 0.000236639 94252469169608 8
L 1 377 1 0.000237028 94252469169928 8
E 1 378 2 0.000237413 94252469165768 8
L 1 379 0 0.000237799 94252469169616 8
L 1 380 1 0.000238184 94252469169976 8
E 1 381 2 0.000238600 94252469165768 8
L 1 382 0 0.000238992 94252469169584 8
L 1 383 1 0.000239374 94252469169792 8
E 1 384 2 0.000239761 94252469165776 8
L 1 385 0 0.000240144 94252469169592 8
L 1 386 1 0.000240533 94252469169840 8
E 1 387 2 0.000240922 94252469165776 8
L 1 388 0 0.000241305 94252469169600 8
L 1 389 1 0.000241719 94252469169888 8
E 1 390 2 0.000242102 94252469165776 8
L 1 391 0 0.000242482 94252469169608 8
L 1 392 1 0.000242860 94252469169936 8
E 1 393 2 0.000243244 94252469165776 8
L 1 394 0 0.000243619 94252469169616 8
L 1 395 1 0.000244004 94252469169984 8
E 1 396 2 0.000244389 94252469165776 8
L 1 397 0 0.000244777 94252469169584 8
L 1 398 1 0.000245164 94252469169800 8
E 1 399 2 0.000245554 94252469165784 8
L 1 400 0 0.000245927 94252469169592 8
L 1 401 1 0.000246316 94252469169848 8
E 1 402 2 0.000246717 94252469165784 8
L 1 403 0 0.000247091 94252469169600 8
L 1 404 1 0.000247472 94252469169896 8
E 1 405 2 0.000247864 94252469165784 8
L 1 406 0 0.000248260 94252469169608 8
L 1 407 1 0.000248646 94252469169944 8
E 1 408 2 0.000249024 94252469165784 8
L 1 409 0 0.000249395 94252469169616 8
L 1 410 1 0.000249780 94252469169992 8
E 1 411 2 0.000250163 94252469165784 8
L 1 412 0 0.000250550 94252469169584 8
L 1 413 1 0.000250942 94252469169808 8
E 1 414 2 0.000251332 94252469165792 8
L 1 415 0 0.000251722 94252469169592 8
L 1 416 1 0.000252108 94252469169856 8
E 1 417 2 0.000252487 94252469165792 8
L 1 418 0 0.000252859 94252469169600 8
L 1 419 1 0.000253254 94252469169904 8
E 1 420 2 0.000253643 94252469165792 8
L 1 421 0 0.000254024 94252469169608 8
L 1 422 1 0.000254409 94252469169952 8
E 1 423 2 0.000254792 94252469165792 8
L 1 424 0 0.000255162 94252469169616 8
L 1 425 1 0.000259829 94252469170000 8
E 1 426 2 0.000260254 94252469165792 8
L 1 427 0 0.000260691 94252469169632 8
L 1 428 1 0.000261080 94252469169776 8
E 1 429 2 0.000261466 94252469165808 8
L 1 430 0 0.000261845 94252469169640 8
L 1 431 1 0.000262248 94252469169824 8
E 1 432 2 0.000262644 94252469165808 8
L 1 433 0 0.000263023 94252469169648 8
L 1 434 1 0.000263407 94252469169872 8
E 1 435 2 0.000263793 94252469165808 8
L 1 436 0 0.000264169 94252469169656 8
L 1 437 1 0.000264558 94252469169920 8
E 1 438 2 0.000264943 94252469165808 8
L 1 439 0 0.000265352 94252469169664 8
L 1 440 1 0.000265740 94252469169968 8
E 1 441 2 0.000266142 94252469165808 8
L 1 442 0 0.000266542 94252469169632 8
L 1 443 1 0.000266944 94252469169784 8
E 1 444 2 0.000267338 94252469165816 8
L 1 445 0 0.000267727 94252469169640 8
L 1 446 1 0.000268111 94252469169832 8
E 1 447 2 0.000268493 94252469165816 8
L 1 448 0 0.000268868 94252469169648 8
L 1 449 1 0.000269267 94252469169880 8
E 1 450 2 0.000269654 94252469165816 8
L 1 451 0 0.000270030 94252469169656 8
L 1 452 1 0.000270427 94252469169928 8
E 1 453 2 0.000270805 94252469165816 8
L 1 454 0 0.000271173 94252469169664 8
L 1 455 1 0.000271576 94252469169976 8
E 1 456 2 0.000271958 94252469165816 8
L 1 457 0 0.000272353 94252469169632 8
L 1 458 1 0.000272738 94252469169792 8
E 1 459 2 0.000273122 94252469165824 8
L 1 460 0 0.000273519 94252469169640 8
L 1 461 1 0.000273912 94252469169840 8
E 1 462 2 0.000274302 94252469165824 8
L 1 463 0 0.000274680 94252469169648 8
L 1 464 1 0.000275066 94252469169888 8
E 1 465 2 0.000275457 94252469165824 8
L 1 466 0 0.000275844 94252469169656 8
L 1 467 1 0.000276237 94252469169936 8
E 1 468 2 0.000276623 94252469165824 8
L 1 469 0 0.000277004 94252469169664 8
L 1 470 1 0.000277398 94252469169984 8
E 1 471 2 0.000277782 94252469165824 8
L 1 472 0 0.000278170 94252469169632 8
L 1 473 1 0.000278564 94252469169800 8
E 1 474 2 0.000278950 94252469165832 8
L 1 475 0 0.000279327 94252469169640 8
L 1 476 1 0.000279723 94252469169848 8
E 1 477 2 0.000280123 94252469165832 8
L 1 478 0 0.000280504 94252469169648 8
L 1 479 1 0.000280888 94252469169896 8
E 1 480 2 0.000281277 94252469165832 8
L 1 481 0 0.000281651 94252469169656 8
L 1 482 1 0.000282049 94252469169944 8
E 1 483 2 0.000282443 94252469165832 8
L 1 484 0 0.000282824 94252469169664 8
L 1 485 1 0.000283216 94252469169992 8
E 1 486 2 0.000283600 94252469165832 8
L 1 487 0 0.000283995 94252469169632 8
L 1 488 1 0.000284383 94252469169808 8
E 1 489 2 0.000284771 94252469165840 8
L 1 490 0 0.000285152 94252469169640 8
L 1 491 1 0.000285539 94252469169856 8
E 1 492 2 0.000285951 94252469165840 8
L 1 493 0 0.000286323 94252469169648 8
L 1 494 1 0.000286721 94252469169904 8
E 1 495 2 0.000287106 94252469165840 8
L 1 496 0 0.000287472 94252469169656 8
L 1 497 1 0.000287870 94252469169952 8
E 1 498 2 0.000288249 94252469165840 8
L 1 499 0 0.000288631 94252469169664 8
L 1 500 1 0.000289036 94252469170000 8
E 1 501 2 0.000289423 94252469165840 8
L 1 502 0 0.000289826 94252469169680 8
L 1 503 1 0.000290221 94252469169776 8
E 1 504 2 0.000290606 94252469165856 8
L 1 505 0 0.000290991 94252469169688 8
L 1 506 1 0.000291376 94252469169824 8
E 1 507 2 0.000291760 94252469165856 8
L 1 508 0 0.000292155 94252469169696 8
L 1 509 1 0.000292547 94252469169872 8
E 1 510 2 0.000292937 94252469165856 8
L 1 511 0 0.000293311 94252469169704 8
L 1 512 1 0.000293698 94252469169920 8
E 1 513 2 0.000294078 94252469165856 8
L 1 514 0 0.000294450 94252469169712 8
L 1 515 1 0.000294843 94252469169968 8
E 1 516 2 0.000295235 94252469165856 8
L 1 517 0 0.000295637 94252469169680 8
L 1 518 1 0.000296022 94252469169784 8
E 1 519 2 0.000296405 94252469165864 8
L 1 520 0 0.000296782 94252469169688 8
L 1 521 1 0.000297189 94252469169832 8
E 1 522 2 0.000297566 94252469165864 8
L 1 523 0 0.000297942 94252469169696 8
L 1 524 1 0.000298334 94252469169880 8
E 1 525 2 0.000298716 94252469165864 8
L 1 526 0 0.000299090 94252469169704 8
L 1 527 1 0.000299477 94252469169928 8
E 1 528 2 0.000299879 94252469165864 8
L 1 529 0 0.000300254 94252469169712 8
L 1 530 1 0.000304093 94252469169976 8
E 1 531 2 0.000304502 94252469165864 8
L 1 532 0 0.000304934 94252469169680 8
L 1 533 1 0.000305344 94252469169792 8
E 1 534 2 0.000305741 94252469165872 8
L 1 535 0 0.000306128 94252469169688 8
L 1 536 1 0.000306522 94252469169840 8
E 1 537 2 0.000306913 94252469165872 8
L 1 538 0 0.000307294 94252469169696 8
L 1 539 1 0.000307684 94252469169888 8
E 1 540 2 0.000308071 94252469165872 8
L 1 541 0 0.000308453 94252469169704 8
L 1 542 1 0.000308848 94252469169936 8
E 1 543 2 0.000309226 94252469165872 8
L 1 544 0 0.000309602 94252469169712 8
L 1 545 1 0.000309991 94252469169984 8
E 1 546 2 0.000310368 94252469165872 8
L 1 547 0 0.000310754 94252469169680 8
L 1 548 1 0.000311136 94252469169800 8
E 1 549 2 0.000311522 94252469165880 8
L 1 550 0 0.000311909 94252469169688 8
L 1 551 1 0.000312305 94252469169848 8
E 1 552 2 0.000312693 94252469165880 8
L 1 553 0 0.000313080 94252469169696 8
L 1 554 1 0.000313472 94252469169896 8
E 1 555 2 0.000313852 94252469165880 8
L 1 556 0 0.000314226 94252469169704 8
L 1 557 1 0.000314619 94252469169944 8
E 1 558 2 0.000315001 94252469165880 8
L 1 559 0 0.000315375 94252469169712 8
L 1 560 1 0.000315760 94252469169992 8
E 1 561 2 0.000316138 94252469165880 8
L 1 562 0 0.000316528 94252469169680 8
L 1 563 1 0.000316914 94252469169808 8
E 1 564 2 0.000317289 94252469165888 8
L 1 565 0 0.000317663 94252469169688 8
L 1 566 1 0.000318046 94252469169856 8
E 1 567 2 0.000318420 94252469165888 8
L 1 568 0 0.000318819 94252469169696 8
L 1 569 1 0.000319205 94252469169904 8
E 1 570 2 0.000319590 94252469165888 8
L 1 571 0 0.000319974 94252469169704 8
L 1 572 1 0.000320367 94252469169952 8
E 1 573 2 0.000320760 94252469165888 8
L 1 574 0 0.000321140 94252469169712 8
L 1 575 1 0.000321535 94252469170000 8
E 1 576 2 0.000321921 94252469165888 8
L 1 577 2 0.000349977 94252469165664 8
L 1 578 2 0.000351477 94252469165672 8
L 1 579 2 0.000352647 94252469165680 8
L 1 580 2 0.000353768 94252469165688 8
L 1 581 2 0.000354830 94252469165696 8
L 1 582 2 0.000355902 94252469165712 8
L 1 583 2 0.000357008 94252469165720 8
L 1 584 2 0.000358101 94252469165728 8
L 1 585 2 0.000359097 94252469165736 8
L 1 586 2 0.000360088 94252469165744 8
L 1 587 2 0.000361207 94252469165760 8
L 1 588 2 0.000362195 94252469165768 8
L 1 589 2 0.000363246 94252469165776 8
L 1 590 2 0.000364300 94252469165784 8
L 1 591 2 0.000365302 94252469165792 8
L 1 592 2 0.000366367 94252469165808 8
L 1 593 2 0.000367365 94252469165816 8
L 1 594 2 0.000368321 94252469165824 8
L 1 595 2 0.000369295 94252469165832 8
L 1 596 2 0.000370427 94252469165840 8
L 1 597 2 0.000371507 94252469165856 8
L 1 598 2 0.000372550 94252469165864 8
L 1 599 2 0.000373598 94252469165872 8
L 1 600 2 0.000374681 94252469165880 8
L 1 601 2 0.000375793 94252469165888 8
L 2 602 2 0.000376384 94252469165664 8
L 2 603 2 0.000376782 94252469165672 8
L 2 604 2 0.000377170 94252469165680 8
L 2 605 2 0.000377553 94252469165688 8
L 2 606 2 0.000377948 94252469165696 8
L 2 607 2 0.000378355 94252469165712 8
L 2 608 2 0.000378747 94252469165720 8
L 2 609 2 0.000379178 94252469165728 8
L 2 610 2 0.000379569 94252469165736 8
L 2 611 2 0.000379960 94252469165744 8
L 2 612 2 0.000380368 94252469165760 8
L 2 613 2 0.000380747 94252469165768 8
L 2 614 2 0.000381130 94252469165776 8
L 2 615 2 0.000381515 94252469165784 8
L 2 616 2 0.000381891 94252469165792 8
L 2 617 2 0.000382286 94252469165808 8
L 2 618 2 0.000382665 94252469165816 8
L 2 619 2 0.000383050 94252469165824 8
L 2 620 2 0.000383430 94252469165832 8
L 2 621 2 0.000383811 94252469165840 8
L 2 622 2 0.000384201 94252469165856 8
L 2 623 2 0.000384581 94252469165864 8
L 2 624 2 0.000384964 94252469165872 8
L 2 625 2 0.000385345 94252469165880 8
L 2 626 2 0.000385729 94252469165888 8
L 2 627 2 0.000394490 94252469165664 8
L 2 628 2 0.000395652 94252469165672 8
L 2 629 2 0.000396729 94252469165680 8
L 2 630 2 0.000397679 94252469165688 8
L 2 631 2 0.000398632 94252469165696 8
L 2 632 2 0.000401117 94252469165712 8
L 2 633 2 0.000402131 94252469165720 8
L 2 634 2 0.000403176 94252469165728 8
L 2 635 2 0.000412329 94252469165736 8
L 2 636 2 0.000413358 94252469165744 8
L 2 637 2 0.000415830 94252469165760 8
L 2 638 2 0.000416818 94252469165768 8
L 2 639 2 0.000417843 94252469165776 8
L 2 640 2 0.000418789 94252469165784 8
L 2 641 2 0.000419771 94252469165792 8
L 2 642 2 0.000421947 94252469165808 8
L 2 643 2 0.000422920 94252469165816 8
L 2 644 2 0.000423856 94252469165824 8
L 2 645 2 0.000424804 94252469165832 8
L 2 646 2 0.000425801 94252469165840 8
L 2 647 2 0.000427974 94252469165856 8
L 2 648 2 0.000428896 94252469165864 8
L 2 649 2 0.000429808 94252469165872 8
L 2 650 2 0.000430800 94252469165880 8
L 2 651 2 0.000431758 94252469165888 8
F 652 1289.697541420 0.000434115
