I 1 1289.544195059
E 0 2 0 0.000028660 94619909729616 8
E 0 3 0 0.000030816 94619909729624 8
E 0 4 0 0.000031615 94619909729632 8
E 0 5 0 0.000032187 94619909729640 8
E 0 6 0 0.000032784 94619909729648 8
E 0 7 0 0.000033411 94619909729664 8
E 0 8 0 0.000033992 94619909729672 8
E 0 9 0 0.000034566 94619909729680 8
E 0 10 0 0.000035138 94619909729688 8
E 0 11 0 0.000035809 94619909729696 8
E 0 12 0 0.000036416 94619909729712 8
E 0 13 0 0.000036992 94619909729720 8
E 0 14 0 0.000037558 94619909729728 8
E 0 15 0 0.000038117 94619909729736 8
E 0 16 0 0.000038673 94619909729744 8
E 0 17 0 0.000039255 94619909729760 8
E 0 18 0 0.000039807 94619909729768 8
E 0 19 0 0.000040362 94619909729776 8
E 0 20 0 0.000040914 94619909729784 8
E 0 21 0 0.000041467 94619909729792 8
E 0 22 0 0.000042037 94619909729808 8
E 0 23 0 0.000042590 94619909729816 8
E 0 24 0 0.000043149 94619909729824 8
E 0 25 0 0.000043701 94619909729832 8
E 0 26 0 0.000044260 94619909729840 8
E 0 27 0 0.000048272 94619909729616 8
E 0 28 0 0.000049669 94619909729624 8
E 0 29 0 0.000050579 94619909729632 8
E 0 30 0 0.000051500 94619909729640 8
E 0 31 0 0.000052362 94619909729648 8
E 0 32 0 0.000053321 94619909729664 8
E 0 33 0 0.000054181 94619909729672 8
E 0 34 0 0.000055119 94619909729680 8
E 0 35 0 0.000056021 94619909729688 8
E 0 36 0 0.000056891 94619909729696 8
E 0 37 0 0.000057781 94619909729712 8
E 0 38 0 0.000058683 94619909729720 8
E 0 39 0 0.000059573 94619909729728 8
E 0 40 0 0.000060440 94619909729736 8
E 0 41 0 0.000061326 94619909729744 8
E 0 42 0 0.000062258 94619909729760 8
E 0 43 0 0.000063247 94619909729768 8
E 0 44 0 0.000064184 94619909729776 8
E 0 45 0 0.000065034 94619909729784 8
E 0 46 0 0.000065893 94619909729792 8
E 0 47 0 0.000066785 94619909729808 8
E 0 48 0 0.000067670 94619909729816 8
E 0 49 0 0.000068573 94619909729824 8
E 0 50 0 0.000069444 94619909729832 8
E 0 51 0 0.000070319 94619909729840 8
E 0 52 1 0.000079505 94619909729904 8
E 0 53 1 0.000080226 94619909729912 8
E 0 54 1 0.000080813 94619909729920 8
E 0 55 1 0.000081393 94619909729928 8
E 0 56 1 0.000081954 94619909729936 8
E 0 57 1 0.000082534 94619909729952 8
E 0 58 1 0.000083121 94619909729960 8
E 0 59 1 0.000083733 94619909729968 8
E 0 60 1 0.000084291 94619909729976 8
E 0 61 1 0.000084849 94619909729984 8
E 0 62 1 0.000085436 94619909730000 8
E 0 63 1 0.000086021 94619909730008 8
E 0 64 1 0.000086592 94619909730016 8
E 0 65 1 0.000087166 94619909730024 8
E 0 66 1 0.000087733 94619909730032 8
E 0 67 1 0.000088305 94619909730048 8
E 0 68 1 0.000088855 94619909730056 8
E 0 69 1 0.000089400 94619909730064 8
E 0 70 1 0.000089978 94619909730072 8
E 0 71 1 0.000090554 94619909730080 8
E 0 72 1 0.000091148 94619909730096 8
E 0 73 1 0.000091724 94619909730104 8
E 0 74 1 0.000092300 94619909730112 8
E 0 75 1 0.000092870 94619909730120 8
E 0 76 1 0.000093435 94619909730128 8
E 0 77 1 0.000094441 94619909729904 8
E 0 78 1 0.000095379 94619909729912 8
E 0 79 1 0.000096290 94619909729920 8
E 0 80 1 0.000097164 94619909729928 8
E 0 81 1 0.000098057 94619909729936 8
E 0 82 1 0.000098973 94619909729952 8
E 0 83 1 0.000099829 94619909729960 8
E 0 84 1 0.000100724 94619909729968 8
E 0 85 1 0.000101735 94619909729976 8
E 0 86 1 0.000102684 94619909729984 8
E 0 87 1 0.000103589 94619909730000 8
E 0 88 1 0.000104510 94619909730008 8
E 0 89 1 0.000105388 94619909730016 8
E 0 90 1 0.000106261 94619909730024 8
E 0 91 1 0.000107154 94619909730032 8
E 0 92 1 0.000108082 94619909730048 8
E 0 93 1 0.000108989 94619909730056 8
E 0 94 1 0.000109872 94619909730064 8
E 0 95 1 0.000110719 94619909730072 8
E 0 96 1 0.000111576 94619909730080 8
E 0 97 1 0.000112458 94619909730096 8
E 0 98 1 0.000113315 94619909730104 8
E 0 99 1 0.000114212 94619909730112 8
E 0 100 1 0.000115080 94619909730120 8
E 0 101 1 0.000116052 94619909730128 8
E 0 102 2 0.000118647 94619909725504 8
E 0 103 2 0.000119285 94619909725512 8
E 0 104 2 0.000119906 94619909725520 8
E 0 105 2 0.000120497 94619909725528 8
E 0 106 2 0.000121073 94619909725536 8
E 0 107 2 0.000121667 94619909725552 8
E 0 108 2 0.000122247 94619909725560 8
E 0 109 2 0.000122860 94619909725568 8
E 0 110 2 0.000143178 94619909725576 8
E 0 111 2 0.000143837 94619909725584 8
E 0 112 2 0.000144418 94619909725600 8
E 0 113 2 0.000144981 94619909725608 8
E 0 114 2 0.000145546 94619909725616 8
E 0 115 2 0.000146102 94619909725624 8
E 0 116 2 0.000146677 94619909725632 8
E 0 117 2 0.000147261 94619909725648 8
E 0 118 2 0.000147833 94619909725656 8
E 0 119 2 0.000148401 94619909725664 8
E 0 120 2 0.000148958 94619909725672 8
E 0 121 2 0.000149519 94619909725680 8
E 0 122 2 0.000150103 94619909725696 8
E 0 123 2 0.000150662 94619909725704 8
E 0 124 2 0.000151214 94619909725712 8
E 0 125 2 0.000151770 94619909725720 8
E 0 126 2 0.000152328 94619909725728 8
L 1 127 0 0.000153142 94619909729616 8
L 1 128 0 0.000154071 94619909729624 8
L 1 129 0 0.000154844 94619909729632 8
L 1 130 0 0.000155501 94619909729640 8
L 1 131 0 0.000156097 94619909729648 8
L 1 132 0 0.000156743 94619909729664 8
L 1 133 0 0.000157373 94619909729672 8
L 1 134 0 0.000158003 94619909729680 8
L 1 135 0 0.000158599 94619909729688 8
L 1 136 0 0.000159196 94619909729696 8
L 1 137 0 0.000159812 94619909729712 8
L 1 138 0 0.000160427 94619909729720 8
L 1 139 0 0.000161022 94619909729728 8
L 1 140 0 0.000161620 94619909729736 8
L 1 141 0 0.000162211 94619909729744 8
L 1 142 0 0.000162821 94619909729760 8
L 1 143 0 0.000163431 94619909729768 8
L 1 144 0 0.000164045 94619909729776 8
L 1 145 0 0.000164637 94619909729784 8
L 1 146 0 0.000165237 94619909729792 8
L 1 147 0 0.000165869 94619909729808 8
L 1 148 0 0.000166464 94619909729816 8
L 1 149 0 0.000167063 94619909729824 8
L 1 150 0 0.000167659 94619909729832 8
L 1 151 0 0.000168256 94619909729840 8
L 1 152 1 0.000168936 94619909729904 8
L 1 153 1 0.000169571 94619909729912 8
L 1 154 1 0.000170154 94619909729920 8
L 1 155 1 0.000170732 94619909729928 8
L 1 156 1 0.000171311 94619909729936 8
L 1 157 1 0.000171913 94619909729952 8
L 1 158 1 0.000172472 94619909729960 8
L 1 159 1 0.000173033 94619909729968 8
L 1 160 1 0.000173592 94619909729976 8
L 1 161 1 0.000174153 94619909729984 8
L 1 162 1 0.000174729 94619909730000 8
L 1 163 1 0.000175298 94619909730008 8
L 1 164 1 0.000175859 94619909730016 8
L 1 165 1 0.000176415 94619909730024 8
L 1 166 1 0.000176989 94619909730032 8
L 1 167 1 0.000177569 94619909730048 8
L 1 168 1 0.000178137 94619909730056 8
L 1 169 1 0.000178744 94619909730064 8
L 1 170 1 0.000179301 94619909730072 8
L 1 171 1 0.000179866 94619909730080 8
L 1 172 1 0.000180441 94619909730096 8
L 1 173 1 0.000181014 94619909730104 8
L 1 174 1 0.000181582 94619909730112 8
L 1 175 1 0.000182138 94619909730120 8
L 1 176 1 0.000182703 94619909730128 8
L 1 177 2 0.000183367 94619909725504 8
L 1 178 2 0.000183970 94619909725512 8
L 1 179 2 0.000184538 94619909725520 8
L 1 180 2 0.000185107 94619909725528 8
L 1 181 2 0.000185693 94619909725536 8
L 1 182 2 0.000186282 94619909725552 8
L 1 183 2 0.000186848 94619909725560 8
L 1 184 2 0.000187430 94619909725568 8
L 1 185 2 0.000188016 94619909725576 8
L 1 186 2 0.000188585 94619909725584 8
L 1 187 2 0.000189173 94619909725600 8
L 1 188 2 0.000189733 94619909725608 8
L 1 189 2 0.000190321 94619909725616 8
L 1 190 2 0.000190880 94619909725624 8
L 1 191 2 0.000191455 94619909725632 8
L 1 192 2 0.000192030 94619909725648 8
L 1 193 2 0.000192598 94619909725656 8
L 1 194 2 0.000193162 94619909725664 8
L 1 195 2 0.000193714 94619909725672 8
L 1 196 2 0.000194289 94619909725680 8
L 1 197 2 0.000194862 94619909725696 8
L 1 198 2 0.000195428 94619909725704 8
L 1 199 2 0.000196000 94619909725712 8
L 1 200 2 0.000196568 94619909725720 8
L 1 201 2 0.000197126 94619909725728 8
L 1 202 0 0.000198256 94619909729616 8
L 1 203 1 0.000198901 94619909729904 8
E 1 204 2 0.000199505 94619909725792 8
L 1 205 0 0.000200225 94619909729624 8
L 1 206 1 0.000200877 94619909729912 8
E 1 207 2 0.000201443 94619909725800 8
L 1 208 0 0.000202099 94619909729632 8
L 1 209 1 0.000202693 94619909729920 8
E 1 210 2 0.000203256 94619909725808 8
L 1 211 0 0.000203812 94619909729640 8
L 1 212 1 0.000204383 94619909729928 8
E 1 213 2 0.000204933 94619909725816 8
L 1 214 0 0.000205487 94619909729648 8
L 1 215 1 0.000213566 94619909729936 8
E 1 216 2 0.000214161 94619909725824 8
L 1 217 0 0.000214796 94619909729664 8
L 1 218 1 0.000215397 94619909729952 8
E 1 219 2 0.000215967 94619909725840 8
L 1 220 0 0.000216558 94619909729672 8
L 1 221 1 0.000217145 94619909729960 8
E 1 222 2 0.000217717 94619909725848 8
L 1 223 0 0.000218266 94619909729680 8
L 1 224 1 0.000218851 94619909729968 8
E 1 225 2 0.000219422 94619909725856 8
L 1 226 0 0.000219968 94619909729688 8
L 1 227 1 0.000220545 94619909729976 8
E 1 228 2 0.000221120 94619909725864 8
L 1 229 0 0.000221687 94619909729696 8
L 1 230 1 0.000222281 94619909729984 8
E 1 231 2 0.000222853 94619909725872 8
L 1 232 0 0.000223438 94619909729712 8
L 1 233 1 0.000224066 94619909730000 8
E 1 234 2 0.000224637 94619909725888 8
L 1 235 0 0.000225199 94619909729720 8
L 1 236 1 0.000225785 94619909730008 8
E 1 237 2 0.000226348 94619909725896 8
L 1 238 0 0.000226893 94619909729728 8
L 1 239 1 0.000227472 94619909730016 8
E 1 240 2 0.000228047 94619909725904 8
L 1 241 0 0.000228620 94619909729736 8
L 1 242 1 0.000229220 94619909730024 8
E 1 243 2 0.000229800 94619909725912 8
L 1 244 0 0.000230383 94619909729744 8
L 1 245 1 0.000230976 94619909730032 8
E 1 246 2 0.000231556 94619909725920 8
L 1 247 0 0.000232139 94619909729760 8
L 1 248 1 0.000232736 94619909730048 8
E 1 249 2 0.000233317 94619909725936 8
L 1 250 0 0.000233886 94619909729768 8
L 1 251 1 0.000234473 94619909730056 8
E 1 252 2 0.000235049 94619909725944 8
L 1 253 0 0.000235605 94619909729776 8
L 1 254 1 0.000236217 94619909730064 8
E 1 255 2 0.000236771 94619909725952 8
L 1 256 0 0.000237334 94619909729784 8
L 1 257 1 0.000237913 94619909730072 8
E 1 258 2 0.000238487 94619909725960 8
L 1 259 0 0.000239044 94619909729792 8
L 1 260 1 0.000239609 94619909730080 8
E 1 261 2 0.000240172 94619909725968 8
L 1 262 0 0.000240745 94619909729808 8
L 1 263 1 0.000241313 94619909730096 8
E 1 264 2 0.000241886 94619909725984 8
L 1 265 0 0.000242459 94619909729816 8
L 1 266 1 0.000243031 94619909730104 8
E 1 267 2 0.000243605 94619909725992 8
L 1 268 0 0.000244168 94619909729824 8
L 1 269 1 0.000244735 94619909730112 8
E 1 270 2 0.000245304 94619909726000 8
L 1 271 0 0.000245851 94619909729832 8
L 1 272 1 0.000246455 94619909730120 8
E 1 273 2 0.000247016 94619909726008 8
L 1 274 0 0.000247576 94619909729840 8
L 1 275 1 0.000248149 94619909730128 8
E 1 276 2 0.000248714 94619909726016 8
L 1 277 2 0.000282938 94619909725792 8
L 1 278 2 0.000285033 94619909725800 8
L 1 279 2 0.000286427 94619909725808 8
L 1 280 2 0.000287792 94619909725816 8
L 1 281 2 0.000289256 94619909725824 8
L 1 282 2 0.000290713 94619909725840 8
L 1 283 2 0.000292043 94619909725848 8
L 1 284 2 0.000293586 94619909725856 8
L 1 285 2 0.000294935 94619909725864 8
L 1 286 2 0.000296218 94619909725872 8
L 1 287 2 0.000297701 94619909725888 8
L 1 288 2 0.000298939 94619909725896 8
L 1 289 2 0.000300234 94619909725904 8
L 1 290 2 0.000301548 94619909725912 8
L 1 291 2 0.000303039 94619909725920 8
L 1 292 2 0.000304255 94619909725936 8
L 1 293 2 0.000305292 94619909725944 8
L 1 294 2 0.000306654 94619909725952 8
L 1 295 2 0.000307846 94619909725960 8
L 1 296 2 0.000309088 94619909725968 8
L 1 297 2 0.000310631 94619909725984 8
L 1 298 2 0.000311893 94619909725992 8
L 1 299 2 0.000313335 94619909726000 8
L 1 300 2 0.000314776 94619909726008 8
L 1 301 2 0.000316206 94619909726016 8
L 2 302 2 0.000317029 94619909725792 8
L 2 303 2 0.000317588 94619909725800 8
L 2 304 2 0.000318154 94619909725808 8
L 2 305 2 0.000318728 94619909725816 8
L 2 306 2 0.000319285 94619909725824 8
L 2 307 2 0.000319859 94619909725840 8
L 2 308 2 0.000320417 94619909725848 8
L 2 309 2 0.000320968 94619909725856 8
L 2 310 2 0.000321528 94619909725864 8
L 2 311 2 0.000322084 94619909725872 8
L 2 312 2 0.000322667 94619909725888 8
L 2 313 2 0.000323233 94619909725896 8
L 2 314 2 0.000323787 94619909725904 8
L 2 315 2 0.000324347 94619909725912 8
L 2 316 2 0.000324911 94619909725920 8
L 2 317 2 0.000325495 94619909725936 8
L 2 318 2 0.000326067 94619909725944 8
L 2 319 2 0.000326648 94619909725952 8
L 2 320 2 0.000335014 94619909725960 8
L 2 321 2 0.000335692 94619909725968 8
L 2 322 2 0.000336289 94619909725984 8
L 2 323 2 0.000336856 94619909725992 8
L 2 324 2 0.000337478 94619909726000 8
L 2 325 2 0.000338049 94619909726008 8
L 2 326 2 0.000338625 94619909726016 8
L 2 327 2 0.000351900 94619909725792 8
L 2 328 2 0.000353637 94619909725800 8
L 2 329 2 0.000354970 94619909725808 8
L 2 330 2 0.000356367 94619909725816 8
L 2 331 2 0.000357711 94619909725824 8
L 2 332 2 0.000361336 94619909725840 8
L 2 333 2 0.000362673 94619909725848 8
L 2 334 2 0.000364037 94619909725856 8
L 2 335 2 0.000365365 94619909725864 8
L 2 336 2 0.000366595 94619909725872 8
L 2 337 2 0.000369727 94619909725888 8
L 2 338 2 0.000371021 94619909725896 8
L 2 339 2 0.000372238 94619909725904 8
L 2 340 2 0.000373523 94619909725912 8
L 2 341 2 0.000374830 94619909725920 8
L 2 342 2 0.000379722 94619909725936 8
L 2 343 2 0.000380814 94619909725944 8
L 2 344 2 0.000382174 94619909725952 8
L 2 345 2 0.000383369 94619909725960 8
L 2 346 2 0.000384649 94619909725968 8
L 2 347 2 0.000389053 94619909725984 8
L 2 348 2 0.000390352 94619909725992 8
L 2 349 2 0.000391671 94619909726000 8
L 2 350 2 0.000392906 94619909726008 8
L 2 351 2 0.000394214 94619909726016 8
F 352 1289.544593295 0.000398236
