I 1 1289.809795768
E 0 2 0 0.000030806 93964367584592 8
E 0 3 0 0.000032353 93964367584600 8
E 0 4 0 0.000032896 93964367584608 8
E 0 5 0 0.000033279 93964367584616 8
E 0 6 0 0.000033672 93964367584624 8
E 0 7 0 0.000034055 93964367584640 8
E 0 8 0 0.000034450 93964367584648 8
E 0 9 0 0.000034820 93964367584656 8
E 0 10 0 0.000035189 93964367584664 8
E 0 11 0 0.000035638 93964367584672 8
E 0 12 0 0.000036023 93964367584688 8
E 0 13 0 0.000036394 93964367584696 8
E 0 14 0 0.000036763 93964367584704 8
E 0 15 0 0.000037133 93964367584712 8
E 0 16 0 0.000037505 93964367584720 8
E 0 17 0 0.000037896 93964367584736 8
E 0 18 0 0.000038299 93964367584744 8
E 0 19 0 0.000038671 93964367584752 8
E 0 20 0 0.000039043 93964367584760 8
E 0 21 0 0.000039406 93964367584768 8
E 0 22 0 0.000039786 93964367584784 8
E 0 23 0 0.000040151 93964367584792 8
E 0 24 0 0.000040520 93964367584800 8
E 0 25 0 0.000040898 93964367584808 8
E 0 26 0 0.000041276 93964367584816 8
E 0 27 0 0.000048088 93964367584592 8
E 0 28 0 0.000048955 93964367584600 8
E 0 29 0 0.000049543 93964367584608 8
E 0 30 0 0.000050150 93964367584616 8
E 0 31 0 0.000050728 93964367584624 8
E 0 32 0 0.000051334 93964367584640 8
E 0 33 0 0.000051911 93964367584648 8
E 0 34 0 0.000052498 93964367584656 8
E 0 35 0 0.000053099 93964367584664 8
E 0 36 0 0.000053674 93964367584672 8
E 0 37 0 0.000054269 93964367584688 8
E 0 38 0 0.000054841 93964367584696 8
E 0 39 0 0.000055407 93964367584704 8
E 0 40 0 0.000055977 93964367584712 8
E 0 41 0 0.000056546 93964367584720 8
E 0 42 0 0.000057144 93964367584736 8
E 0 43 0 0.000057780 93964367584744 8
E 0 44 0 0.000058374 93964367584752 8
E 0 45 0 0.000058931 93964367584760 8
E 0 46 0 0.000059487 93964367584768 8
E 0 47 0 0.000060077 93964367584784 8
E 0 48 0 0.000060628 93964367584792 8
E 0 49 0 0.000061202 93964367584800 8
E 0 50 0 0.000061768 93964367584808 8
E 0 51 0 0.000062349 93964367584816 8
L 1 52 0 0.000065264 93964367584592 8
L 1 53 0 0.000065914 93964367584600 8
L 1 54 0 0.000066415 93964367584608 8
L 1 55 0 0.000066833 93964367584616 8
L 1 56 0 0.000067227 93964367584624 8
L 1 57 0 0.000067643 93964367584640 8
L 1 58 0 0.000068040 93964367584648 8
L 1 59 0 0.000068433 93964367584656 8
L 1 60 0 0.000068839 93964367584664 8
L 1 61 0 0.000069243 93964367584672 8
L 1 62 0 0.000069643 93964367584688 8
L 1 63 0 0.000070043 93964367584696 8
L 1 64 0 0.000070465 93964367584704 8
L 1 65 0 0.000070860 93964367584712 8
L 1 66 0 0.000071258 93964367584720 8
L 1 67 0 0.000071675 93964367584736 8
L 1 68 0 0.000072067 93964367584744 8
L 1 69 0 0.000072458 93964367584752 8
L 1 70 0 0.000072872 93964367584760 8
L 1 71 0 0.000073263 93964367584768 8
L 1 72 0 0.000073670 93964367584784 8
L 1 73 0 0.000074064 93964367584792 8
L 1 74 0 0.000074459 93964367584800 8
L 1 75 0 0.000074846 93964367584808 8
L 1 76 0 0.000075239 93964367584816 8
L 1 77 1 0.000075685 93964367580480 8
L 1 78 1 0.000076071 93964367580488 8
L 1 79 1 0.000076443 93964367580496 8
L 1 80 1 0.000076817 93964367580504 8
L 1 81 1 0.000077188 93964367580512 8
L 1 82 1 0.000077591 93964367580528 8
L 1 83 1 0.000077965 93964367580536 8
L 1 84 1 0.000078343 93964367580544 8
L 1 85 1 0.000078708 93964367580552 8
L 1 86 1 0.000079074 93964367580560 8
L 1 87 1 0.000079450 93964367580576 8
L 1 88 1 0.000079830 93964367580584 8
L 1 89 1 0.000080196 93964367580592 8
L 1 90 1 0.000080566 93964367580600 8
L 1 91 1 0.000080929 93964367580608 8
L 1 92 1 0.000081308 93964367580624 8
L 1 93 1 0.000081674 93964367580632 8
L 1 94 1 0.000082045 93964367580640 8
L 1 95 1 0.000082408 93964367580648 8
L 1 96 1 0.000082773 93964367580656 8
L 1 97 1 0.000083154 93964367580672 8
L 1 98 1 0.000083515 93964367580680 8
L 1 99 1 0.000083879 93964367580688 8
L 1 100 1 0.000084248 93964367580696 8
L 1 101 1 0.000084685 93964367580704 8
L 1 102 0 0.000085343 93964367584592 8
E 1 103 1 0.000085730 93964367580768 8
L 1 104 0 0.000086214 93964367584600 8
E 1 105 1 0.000086620 93964367580816 8
L 1 106 0 0.000087042 93964367584608 8
E 1 107 1 0.000087423 93964367580864 8
L 1 108 0 0.000087802 93964367584616 8
E 1 109 1 0.000088189 93964367580912 8
L 1 110 0 0.000108080 93964367584624 8
E 1 111 1 0.000108934 93964367580960 8
L 1 112 0 0.000109632 93964367584640 8
E 1 113 1 0.000110207 93964367580776 8
L 1 114 0 0.000111043 93964367584648 8
E 1 115 1 0.000111638 93964367580824 8
L 1 116 0 0.000112253 93964367584656 8
E 1 117 1 0.000113112 93964367580872 8
L 1 118 0 0.000113633 93964367584664 8
E 1 119 1 0.000114248 93964367580920 8
L 1 120 0 0.000114799 93964367584672 8
E 1 121 1 0.000115460 93964367580968 8
L 1 122 0 0.000116078 93964367584688 8
E 1 123 1 0.000116710 93964367580784 8
L 1 124 0 0.000117382 93964367584696 8
E 1 125 1 0.000118074 93964367580832 8
L 1 126 0 0.000118720 93964367584704 8
E 1 127 1 0.000119375 93964367580880 8
L 1 128 0 0.000120079 93964367584712 8
E 1 129 1 0.000120892 93964367580928 8
L 1 130 0 0.000121575 93964367584720 8
E 1 131 1 0.000122818 93964367580976 8
L 1 132 0 0.000123459 93964367584736 8
E 1 133 1 0.000124092 93964367580792 8
L 1 134 0 0.000124793 93964367584744 8
E 1 135 1 0.000125712 93964367580840 8
L 1 136 0 0.000126324 93964367584752 8
E 1 137 1 0.000127023 93964367580888 8
L 1 138 0 0.000127650 93964367584760 8
E 1 139 1 0.000128368 93964367580936 8
L 1 140 0 0.000129014 93964367584768 8
E 1 141 1 0.000129665 93964367580984 8
L 1 142 0 0.000130278 93964367584784 8
E 1 143 1 0.000130795 93964367580800 8
L 1 144 0 0.000131379 93964367584792 8
E 1 145 1 0.000132021 93964367580848 8
L 1 146 0 0.000132396 93964367584800 8
E 1 147 1 0.000132789 93964367580896 8
L 1 148 0 0.000133160 93964367584808 8
E 1 149 1 0.000133550 93964367580944 8
L 1 150 0 0.000133940 93964367584816 8
E 1 151 1 0.000134327 93964367580992 8
L 1 152 1 0.000170654 93964367580768 8
L 1 153 1 0.000172691 93964367580776 8
L 1 154 1 0.000174084 93964367580784 8
L 1 155 1 0.000175693 93964367580792 8
L 1 156 1 0.000177304 93964367580800 8
L 1 157 1 0.000178738 93964367580816 8
L 1 158 1 0.000179973 93964367580824 8
L 1 159 1 0.000181071 93964367580832 8
L 1 160 1 0.000181957 93964367580840 8
L 1 161 1 0.000182813 93964367580848 8
L 1 162 1 0.000183642 93964367580864 8
L 1 163 1 0.000184592 93964367580872 8
L 1 164 1 0.000185359 93964367580880 8
L 1 165 1 0.000186141 93964367580888 8
L 1 166 1 0.000187081 93964367580896 8
L 1 167 1 0.000187878 93964367580912 8
L 1 168 1 0.000188736 93964367580920 8
L 1 169 1 0.000189602 93964367580928 8
L 1 170 1 0.000190380 93964367580936 8
L 1 171 1 0.000191345 93964367580944 8
L 1 172 1 0.000192294 93964367580960 8
L 1 173 1 0.000193058 93964367580968 8
L 1 174 1 0.000193995 93964367580976 8
L 1 175 1 0.000194758 93964367580984 8
L 1 176 1 0.000195676 93964367580992 8
L 2 177 1 0.000196241 93964367580768 8
L 2 178 1 0.000196609 93964367580776 8
L 2 179 1 0.000196981 93964367580784 8
L 2 180 1 0.000197359 93964367580792 8
L 2 181 1 0.000197732 93964367580800 8
L 2 182 1 0.000198137 93964367580816 8
L 2 183 1 0.000198522 93964367580824 8
L 2 184 1 0.000198896 93964367580832 8
L 2 185 1 0.000199267 93964367580840 8
L 2 186 1 0.000199642 93964367580848 8
L 2 187 1 0.000200039 93964367580864 8
L 2 188 1 0.000200407 93964367580872 8
L 2 189 1 0.000200787 93964367580880 8
L 2 190 1 0.000201161 93964367580888 8
L 2 191 1 0.000201576 93964367580896 8
L 2 192 1 0.000201952 93964367580912 8
L 2 193 1 0.000202335 93964367580920 8
L 2 194 1 0.000202715 93964367580928 8
L 2 195 1 0.000203088 93964367580936 8
L 2 196 1 0.000203467 93964367580944 8
L 2 197 1 0.000203865 93964367580960 8
L 2 198 1 0.000204241 93964367580968 8
L 2 199 1 0.000204615 93964367580976 8
L 2 200 1 0.000204986 93964367580984 8
L 2 201 1 0.000205357 93964367580992 8
L 2 202 1 0.000214720 93964367580768 8
L 2 203 1 0.000215721 93964367580776 8
L 2 204 1 0.000216546 93964367580784 8
L 2 205 1 0.000217379 93964367580792 8
L 2 206 1 0.000218174 93964367580800 8
L 2 207 1 0.000220393 93964367580816 8
L 2 208 1 0.000221213 93964367580824 8
L 2 209 1 0.000222011 93964367580832 8
L 2 210 1 0.000222696 93964367580840 8
L 2 211 1 0.000223513 93964367580848 8
L 2 212 1 0.000225560 93964367580864 8
L 2 213 1 0.000226470 93964367580872 8
L 2 214 1 0.000227247 93964367580880 8
L 2 215 1 0.000241243 93964367580888 8
L 2 216 1 0.000242746 93964367580896 8
L 2 217 1 0.000246210 93964367580912 8
L 2 218 1 0.000247582 93964367580920 8
L 2 219 1 0.000248891 93964367580928 8
L 2 220 1 0.000250232 93964367580936 8
L 2 221 1 0.000251753 93964367580944 8
L 2 222 1 0.000255426 93964367580960 8
L 2 223 1 0.000256735 93964367580968 8
L 2 224 1 0.000258146 93964367580976 8
L 2 225 1 0.000259344 93964367580984 8
L 2 226 1 0.000260607 93964367580992 8
F 227 1289.810060199 0.000264431
