I 1 23796.073697765
E 0 2 0 0.000011941 94024214225216 8
E 0 3 0 0.000012907 94024214225224 8
E 0 4 0 0.000013413 94024214225232 8
E 0 5 0 0.000013857 94024214225240 8
E 0 6 0 0.000014232 94024214225248 8
E 0 7 0 0.000014608 94024214225256 8
E 0 8 0 0.000015006 94024214225264 8
E 0 9 0 0.000015387 94024214225272 8
E 0 10 0 0.000015764 94024214225280 8
E 0 11 0 0.000016212 94024214225288 8
E 0 12 0 0.000016614 94024214225296 8
E 0 13 0 0.000016994 94024214225304 8
E 0 14 0 0.000017378 94024214225312 8
E 0 15 0 0.000017760 94024214225320 8
E 0 16 0 0.000018135 94024214225328 8
E 0 17 0 0.000018514 94024214225336 8
E 0 18 0 0.000018896 94024214225344 8
E 0 19 0 0.000019271 94024214225352 8
E 0 20 0 0.000019645 94024214225360 8
E 0 21 0 0.000020020 94024214225368 8
E 0 22 0 0.000020672 94024214225216 8
E 0 23 0 0.000021125 94024214225224 8
E 0 24 0 0.000021518 94024214225232 8
E 0 25 0 0.000021903 94024214225240 8
E 0 26 0 0.000022287 94024214225248 8
E 0 27 0 0.000022671 94024214225256 8
E 0 28 0 0.000023057 94024214225264 8
E 0 29 0 0.000023444 94024214225272 8
E 0 30 0 0.000023830 94024214225280 8
E 0 31 0 0.000024219 94024214225288 8
E 0 32 0 0.000024605 94024214225296 8
E 0 33 0 0.000024991 94024214225304 8
E 0 34 0 0.000025397 94024214225312 8
E 0 35 0 0.000025786 94024214225320 8
E 0 36 0 0.000026171 94024214225328 8
E 0 37 0 0.000026556 94024214225336 8
E 0 38 0 0.000026941 94024214225344 8
E 0 39 0 0.000027327 94024214225352 8
E 0 40 0 0.000027717 94024214225360 8
E 0 41 0 0.000028106 94024214225368 8
E 0 42 1 0.000028621 94024214225392 8
E 0 43 1 0.000029041 94024214225400 8
E 0 44 1 0.000029421 94024214225408 8
E 0 45 1 0.000029790 94024214225416 8
E 0 46 1 0.000030149 94024214225424 8
E 0 47 1 0.000030510 94024214225432 8
E 0 48 1 0.000030867 94024214225440 8
E 0 49 1 0.000031226 94024214225448 8
E 0 50 1 0.000031591 94024214225456 8
E 0 51 1 0.000031953 94024214225464 8
E 0 52 1 0.000032311 94024214225472 8
E 0 53 1 0.000032666 94024214225480 8
E 0 54 1 0.000033029 94024214225488 8
E 0 55 1 0.000033389 94024214225496 8
E 0 56 1 0.000033750 94024214225504 8
E 0 57 1 0.000034105 94024214225512 8
E 0 58 1 0.000034462 94024214225520 8
E 0 59 1 0.000034815 94024214225528 8
E 0 60 1 0.000035172 94024214225536 8
E 0 61 1 0.000035528 94024214225544 8
E 0 62 1 0.000035915 94024214225392 8
E 0 63 1 0.000036293 94024214225400 8
E 0 64 1 0.000036653 94024214225408 8
E 0 65 1 0.000037047 94024214225416 8
E 0 66 1 0.000037408 94024214225424 8
E 0 67 1 0.000037774 94024214225432 8
E 0 68 1 0.000038134 94024214225440 8
E 0 69 1 0.000038495 94024214225448 8
E 0 70 1 0.000038855 94024214225456 8
E 0 71 1 0.000039214 94024214225464 8
E 0 72 1 0.000039575 94024214225472 8
E 0 73 1 0.000039933 94024214225480 8
E 0 74 1 0.000040298 94024214225488 8
E 0 75 1 0.000040658 94024214225496 8
E 0 76 1 0.000041026 94024214225504 8
E 0 77 1 0.000041388 94024214225512 8
E 0 78 1 0.000041754 94024214225520 8
E 0 79 1 0.000042111 94024214225528 8
E 0 80 1 0.000042469 94024214225536 8
E 0 81 1 0.000042828 94024214225544 8
E 0 82 2 0.000043273 94024214225568 8
E 0 83 2 0.000043637 94024214225576 8
E 0 84 2 0.000043996 94024214225584 8
E 0 85 2 0.000044351 94024214225592 8
E 0 86 2 0.000044709 94024214225600 8
E 0 87 2 0.000045066 94024214225608 8
E 0 88 2 0.000045418 94024214225616 8
E 0 89 2 0.000045802 94024214225624 8
E 0 90 2 0.000046158 94024214225632 8
E 0 91 2 0.000046512 94024214225640 8
E 0 92 2 0.000046868 94024214225648 8
E 0 93 2 0.000047225 94024214225656 8
E 0 94 2 0.000047602 94024214225664 8
E 0 95 2 0.000047957 94024214225672 8
E 0 96 2 0.000048312 94024214225680 8
E 0 97 2 0.000048667 94024214225688 8
E 0 98 2 0.000049033 94024214225696 8
E 0 99 2 0.000049391 94024214225704 8
E 0 100 2 0.000049742 94024214225712 8
E 0 101 2 0.000050149 94024214225720 8
L 1 102 0 0.000050620 94024214225216 8
L 1 103 0 0.000051222 94024214225224 8
L 1 104 0 0.000051721 94024214225232 8
L 1 105 0 0.000052106 94024214225240 8
L 1 106 0 0.000052489 94024214225248 8
L 1 107 0 0.000052936 94024214225256 8
L 1 108 0 0.000053316 94024214225264 8
L 1 109 0 0.000053694 94024214225272 8
L 1 110 0 0.000069899 94024214225280 8
L 1 111 0 0.000070319 94024214225288 8
L 1 112 0 0.000070704 94024214225296 8
L 1 113 0 0.000071076 94024214225304 8
L 1 114 0 0.000071443 94024214225312 8
L 1 115 0 0.000071812 94024214225320 8
L 1 116 0 0.000072186 94024214225328 8
L 1 117 0 0.000072557 94024214225336 8
L 1 118 0 0.000072932 94024214225344 8
L 1 119 0 0.000073302 94024214225352 8
L 1 120 0 0.000073673 94024214225360 8
L 1 121 0 0.000074046 94024214225368 8
L 1 122 1 0.000074487 94024214225392 8
L 1 123 1 0.000074898 94024214225400 8
L 1 124 1 0.000075256 94024214225408 8
L 1 125 1 0.000075610 94024214225416 8
L 1 126 1 0.000075968 94024214225424 8
L 1 127 1 0.000076331 94024214225432 8
L 1 128 1 0.000076693 94024214225440 8
L 1 129 1 0.000077056 94024214225448 8
L 1 130 1 0.000077411 94024214225456 8
L 1 131 1 0.000077773 94024214225464 8
L 1 132 1 0.000078137 94024214225472 8
L 1 133 1 0.000078497 94024214225480 8
L 1 134 1 0.000078858 94024214225488 8
L 1 135 1 0.000079213 94024214225496 8
L 1 136 1 0.000079570 94024214225504 8
L 1 137 1 0.000079922 94024214225512 8
L 1 138 1 0.000080279 94024214225520 8
L 1 139 1 0.000080635 94024214225528 8
L 1 140 1 0.000080992 94024214225536 8
L 1 141 1 0.000081346 94024214225544 8
L 1 142 2 0.000081740 94024214225568 8
L 1 143 2 0.000082115 94024214225576 8
L 1 144 2 0.000082470 94024214225584 8
L 1 145 2 0.000082826 94024214225592 8
L 1 146 2 0.000083184 94024214225600 8
L 1 147 2 0.000083537 94024214225608 8
L 1 148 2 0.000083896 94024214225616 8
L 1 149 2 0.000084245 94024214225624 8
L 1 150 2 0.000084600 94024214225632 8
L 1 151 2 0.000084954 94024214225640 8
L 1 152 2 0.000085327 94024214225648 8
L 1 153 2 0.000085682 94024214225656 8
L 1 154 2 0.000086044 94024214225664 8
L 1 155 2 0.000086403 94024214225672 8
L 1 156 2 0.000086763 94024214225680 8
L 1 157 2 0.000087120 94024214225688 8
L 1 158 2 0.000087478 94024214225696 8
L 1 159 2 0.000087838 94024214225704 8
L 1 160 2 0.000088197 94024214225712 8
L 1 161 2 0.000088556 94024214225720 8
L 1 162 0 0.000089057 94024214225216 8
L 1 163 1 0.000089482 94024214225392 8
L 1 164 0 0.000089886 94024214225224 8
L 1 165 1 0.000090270 94024214225400 8
L 1 166 0 0.000090648 94024214225232 8
L 1 167 1 0.000091027 94024214225408 8
L 1 168 0 0.000091402 94024214225240 8
L 1 169 1 0.000091784 94024214225416 8
L 1 170 0 0.000092160 94024214225248 8
L 1 171 1 0.000092542 94024214225424 8
L 1 172 0 0.000092914 94024214225256 8
L 1 173 1 0.000093321 94024214225432 8
L 1 174 0 0.000093697 94024214225264 8
L 1 175 1 0.000094079 94024214225440 8
L 1 176 0 0.000094457 94024214225272 8
L 1 177 1 0.000094840 94024214225448 8
L 1 178 0 0.000095219 94024214225280 8
L 1 179 1 0.000095600 94024214225456 8
L 1 180 0 0.000095976 94024214225288 8
L 1 181 1 0.000096355 94024214225464 8
L 1 182 0 0.000096729 94024214225296 8
L 1 183 1 0.000097109 94024214225472 8
L 1 184 0 0.000097483 94024214225304 8
L 1 185 1 0.000097865 94024214225480 8
L 1 186 0 0.000098244 94024214225312 8
L 1 187 1 0.000098626 94024214225488 8
L 1 188 0 0.000099001 94024214225320 8
L 1 189 1 0.000099381 94024214225496 8
L 1 190 0 0.000099754 94024214225328 8
L 1 191 1 0.000100135 94024214225504 8
L 1 192 0 0.000100589 94024214225336 8
L 1 193 1 0.000101024 94024214225512 8
L 1 194 0 0.000101400 94024214225344 8
L 1 195 1 0.000101784 94024214225520 8
L 1 196 0 0.000102167 94024214225352 8
L 1 197 1 0.000102545 94024214225528 8
L 1 198 0 0.000102927 94024214225360 8
L 1 199 1 0.000103311 94024214225536 8
L 1 200 0 0.000103690 94024214225368 8
L 1 201 1 0.000104073 94024214225544 8
F 202 23796.073813411 0.000115646
