I 1 23796.184069053
E 0 2 0 0.000009720 94130291642688 8
E 0 3 0 0.000010781 94130291642696 8
E 0 4 0 0.000011390 94130291642704 8
E 0 5 0 0.000011851 94130291642712 8
E 0 6 0 0.000012228 94130291642720 8
E 0 7 0 0.000012603 94130291642728 8
E 0 8 0 0.000012978 94130291642736 8
E 0 9 0 0.000013356 94130291642744 8
E 0 10 0 0.000013730 94130291642752 8
E 0 11 0 0.000014177 94130291642760 8
E 0 12 0 0.000014562 94130291642768 8
E 0 13 0 0.000014962 94130291642776 8
E 0 14 0 0.000015340 94130291642784 8
E 0 15 0 0.000015718 94130291642792 8
E 0 16 0 0.000016102 94130291642800 8
E 0 17 0 0.000016485 94130291642808 8
E 0 18 0 0.000016869 94130291642816 8
E 0 19 0 0.000017246 94130291642824 8
E 0 20 0 0.000017629 94130291642832 8
E 0 21 0 0.000018007 94130291642840 8
E 0 22 0 0.000018632 94130291642688 8
E 0 23 0 0.000019081 94130291642696 8
E 0 24 0 0.000019472 94130291642704 8
E 0 25 0 0.000019867 94130291642712 8
E 0 26 0 0.000020271 94130291642720 8
E 0 27 0 0.000020662 94130291642728 8
E 0 28 0 0.000021069 94130291642736 8
E 0 29 0 0.000021465 94130291642744 8
E 0 30 0 0.000021855 94130291642752 8
E 0 31 0 0.000022269 94130291642760 8
E 0 32 0 0.000022666 94130291642768 8
E 0 33 0 0.000023070 94130291642776 8
E 0 34 0 0.000023456 94130291642784 8
E 0 35 0 0.000023846 94130291642792 8
E 0 36 0 0.000024237 94130291642800 8
E 0 37 0 0.000024641 94130291642808 8
E 0 38 0 0.000025035 94130291642816 8
E 0 39 0 0.000025430 94130291642824 8
E 0 40 0 0.000025819 94130291642832 8
E 0 41 0 0.000026211 94130291642840 8
L 1 42 0 0.000026705 94130291642688 8
L 1 43 0 0.000027339 94130291642696 8
L 1 44 0 0.000027804 94130291642704 8
L 1 45 0 0.000028214 94130291642712 8
L 1 46 0 0.000028599 94130291642720 8
L 1 47 0 0.000028980 94130291642728 8
L 1 48 0 0.000029365 94130291642736 8
L 1 49 0 0.000029748 94130291642744 8
L 1 50 0 0.000030129 94130291642752 8
L 1 51 0 0.000030508 94130291642760 8
L 1 52 0 0.000030889 94130291642768 8
L 1 53 0 0.000031269 94130291642776 8
L 1 54 0 0.000031652 94130291642784 8
L 1 55 0 0.000032035 94130291642792 8
L 1 56 0 0.000032419 94130291642800 8
L 1 57 0 0.000032807 94130291642808 8
L 1 58 0 0.000033193 94130291642816 8
L 1 59 0 0.000033595 94130291642824 8
L 1 60 0 0.000033976 94130291642832 8
L 1 61 0 0.000034358 94130291642840 8
L 1 62 0 0.000034804 94130291642688 8
L 1 63 0 0.000035252 94130291642696 8
L 1 64 0 0.000035650 94130291642704 8
L 1 65 0 0.000036032 94130291642712 8
L 1 66 0 0.000036414 94130291642720 8
L 1 67 0 0.000036811 94130291642728 8
L 1 68 0 0.000037201 94130291642736 8
L 1 69 0 0.000037589 94130291642744 8
L 1 70 0 0.000037971 94130291642752 8
L 1 71 0 0.000038353 94130291642760 8
L 1 72 0 0.000038741 94130291642768 8
L 1 73 0 0.000039124 94130291642776 8
L 1 74 0 0.000039511 94130291642784 8
L 1 75 0 0.000039897 94130291642792 8
L 1 76 0 0.000040283 94130291642800 8
L 1 77 0 0.000040666 94130291642808 8
L 1 78 0 0.000041047 94130291642816 8
L 1 79 0 0.000041439 94130291642824 8
L 1 80 0 0.000041827 94130291642832 8
L 1 81 0 0.000042214 94130291642840 8
F 82 23796.184121563 0.000052510
