I 1 23795.936217354
E 0 2 0 0.000025750 94697885995328 8
E 0 3 0 0.000027634 94697885995336 8
E 0 4 0 0.000028461 94697885995344 8
E 0 5 0 0.000029048 94697885995352 8
E 0 6 0 0.000029657 94697885995360 8
E 0 7 0 0.000030254 94697885995368 8
E 0 8 0 0.000030825 94697885995376 8
E 0 9 0 0.000031395 94697885995384 8
E 0 10 0 0.000031967 94697885995392 8
E 0 11 0 0.000032628 94697885995400 8
E 0 12 0 0.000033254 94697885995408 8
E 0 13 0 0.000033834 94697885995416 8
E 0 14 0 0.000034404 94697885995424 8
E 0 15 0 0.000034984 94697885995432 8
E 0 16 0 0.000035559 94697885995440 8
E 0 17 0 0.000036132 94697885995448 8
E 0 18 0 0.000036705 94697885995456 8
E 0 19 0 0.000037284 94697885995464 8
E 0 20 0 0.000037854 94697885995472 8
E 0 21 0 0.000038431 94697885995480 8
E 0 22 0 0.000039367 94697885995328 8
E 0 23 0 0.000040075 94697885995336 8
E 0 24 0 0.000040688 94697885995344 8
E 0 25 0 0.000041276 94697885995352 8
E 0 26 0 0.000041868 94697885995360 8
E 0 27 0 0.000042461 94697885995368 8
E 0 28 0 0.000043051 94697885995376 8
E 0 29 0 0.000043635 94697885995384 8
E 0 30 0 0.000044220 94697885995392 8
E 0 31 0 0.000044810 94697885995400 8
E 0 32 0 0.000045403 94697885995408 8
E 0 33 0 0.000045990 94697885995416 8
E 0 34 0 0.000046576 94697885995424 8
E 0 35 0 0.000047156 94697885995432 8
E 0 36 0 0.000047745 94697885995440 8
E 0 37 0 0.000048331 94697885995448 8
E 0 38 0 0.000048916 94697885995456 8
E 0 39 0 0.000049511 94697885995464 8
E 0 40 0 0.000050096 94697885995472 8
E 0 41 0 0.000050685 94697885995480 8
E 0 42 1 0.000051467 94697885995504 8
E 0 43 1 0.000052095 94697885995512 8
E 0 44 1 0.000052690 94697885995520 8
E 0 45 1 0.000053261 94697885995528 8
E 0 46 1 0.000053832 94697885995536 8
E 0 47 1 0.000054388 94697885995544 8
E 0 48 1 0.000054946 94697885995552 8
E 0 49 1 0.000055501 94697885995560 8
E 0 50 1 0.000056056 94697885995568 8
E 0 51 1 0.000056605 94697885995576 8
E 0 52 1 0.000057165 94697885995584 8
E 0 53 1 0.000057720 94697885995592 8
E 0 54 1 0.000058279 94697885995600 8
E 0 55 1 0.000058835 94697885995608 8
E 0 56 1 0.000059387 94697885995616 8
E 0 57 1 0.000059976 94697885995624 8
E 0 58 1 0.000060529 94697885995632 8
E 0 59 1 0.000061089 94697885995640 8
E 0 60 1 0.000061643 94697885995648 8
E 0 61 1 0.000062202 94697885995656 8
E 0 62 1 0.000062787 94697885995504 8
E 0 63 1 0.000063380 94697885995512 8
E 0 64 1 0.000063922 94697885995520 8
E 0 65 1 0.000064472 94697885995528 8
E 0 66 1 0.000065027 94697885995536 8
E 0 67 1 0.000065569 94697885995544 8
E 0 68 1 0.000066115 94697885995552 8
E 0 69 1 0.000066667 94697885995560 8
E 0 70 1 0.000067224 94697885995568 8
E 0 71 1 0.000067772 94697885995576 8
E 0 72 1 0.000068327 94697885995584 8
E 0 73 1 0.000068871 94697885995592 8
E 0 74 1 0.000069418 94697885995600 8
E 0 75 1 0.000069972 94697885995608 8
E 0 76 1 0.000070523 94697885995616 8
E 0 77 1 0.000071072 94697885995624 8
E 0 78 1 0.000071625 94697885995632 8
E 0 79 1 0.000072213 94697885995640 8
E 0 80 1 0.000072761 94697885995648 8
E 0 81 1 0.000073316 94697885995656 8
E 0 82 2 0.000074012 94697885995680 8
E 0 83 2 0.000074604 94697885995688 8
E 0 84 2 0.000075146 94697885995696 8
E 0 85 2 0.000075690 94697885995704 8
E 0 86 2 0.000076246 94697885995712 8
E 0 87 2 0.000076800 94697885995720 8
E 0 88 2 0.000077340 94697885995728 8
E 0 89 2 0.000077887 94697885995736 8
E 0 90 2 0.000078435 94697885995744 8
E 0 91 2 0.000078982 94697885995752 8
E 0 92 2 0.000079529 94697885995760 8
E 0 93 2 0.000080066 94697885995768 8
E 0 94 2 0.000080614 94697885995776 8
E 0 95 2 0.000081161 94697885995784 8
E 0 96 2 0.000081704 94697885995792 8
E 0 97 2 0.000082244 94697885995800 8
E 0 98 2 0.000082796 94697885995808 8
E 0 99 2 0.000083340 94697885995816 8
E 0 100 2 0.000083885 94697885995824 8
E 0 101 2 0.000084522 94697885995832 8
L 1 102 0 0.000085265 94697885995328 8
L 1 103 0 0.000086179 94697885995336 8
L 1 104 0 0.000086897 94697885995344 8
L 1 105 0 0.000087489 94697885995352 8
L 1 106 0 0.000088056 94697885995360 8
L 1 107 0 0.000088626 94697885995368 8
L 1 108 0 0.000089194 94697885995376 8
L 1 109 0 0.000089756 94697885995384 8
L 1 110 0 0.000111772 94697885995392 8
L 1 111 0 0.000112934 94697885995400 8
L 1 112 0 0.000113865 94697885995408 8
L 1 113 0 0.000115172 94697885995416 8
L 1 114 0 0.000115981 94697885995424 8
L 1 115 0 0.000117010 94697885995432 8
L 1 116 0 0.000118314 94697885995440 8
L 1 117 0 0.000119219 94697885995448 8
L 1 118 0 0.000120198 94697885995456 8
L 1 119 0 0.000121172 94697885995464 8
L 1 120 0 0.000122098 94697885995472 8
L 1 121 0 0.000123019 94697885995480 8
L 1 122 1 0.000124195 94697885995504 8
L 1 123 1 0.000125372 94697885995512 8
L 1 124 1 0.000126404 94697885995520 8
L 1 125 1 0.000127426 94697885995528 8
L 1 126 1 0.000128708 94697885995536 8
L 1 127 1 0.000129737 94697885995544 8
L 1 128 1 0.000131062 94697885995552 8
L 1 129 1 0.000131961 94697885995560 8
L 1 130 1 0.000132890 94697885995568 8
L 1 131 1 0.000133841 94697885995576 8
L 1 132 1 0.000135145 94697885995584 8
L 1 133 1 0.000136086 94697885995592 8
L 1 134 1 0.000137121 94697885995600 8
L 1 135 1 0.000138067 94697885995608 8
L 1 136 1 0.000139127 94697885995616 8
L 1 137 1 0.000140134 94697885995624 8
L 1 138 1 0.000141026 94697885995632 8
L 1 139 1 0.000141799 94697885995640 8
L 1 140 1 0.000142746 94697885995648 8
L 1 141 1 0.000143353 94697885995656 8
L 1 142 2 0.000144001 94697885995680 8
L 1 143 2 0.000144571 94697885995688 8
L 1 144 2 0.000145122 94697885995696 8
L 1 145 2 0.000145681 94697885995704 8
L 1 146 2 0.000146247 94697885995712 8
L 1 147 2 0.000146801 94697885995720 8
L 1 148 2 0.000147357 94697885995728 8
L 1 149 2 0.000147906 94697885995736 8
L 1 150 2 0.000148463 94697885995744 8
L 1 151 2 0.000149013 94697885995752 8
L 1 152 2 0.000149576 94697885995760 8
L 1 153 2 0.000150127 94697885995768 8
L 1 154 2 0.000150682 94697885995776 8
L 1 155 2 0.000151239 94697885995784 8
L 1 156 2 0.000151790 94697885995792 8
L 1 157 2 0.000152343 94697885995800 8
L 1 158 2 0.000152899 94697885995808 8
L 1 159 2 0.000153448 94697885995816 8
L 1 160 2 0.000153995 94697885995824 8
L 1 161 2 0.000154539 94697885995832 8
E 1 162 2 0.000155691 94697885995856 8
E 1 163 2 0.000156447 94697885995864 8
E 1 164 2 0.000157049 94697885995872 8
E 1 165 2 0.000157609 94697885995880 8
E 1 166 2 0.000158164 94697885995888 8
E 1 167 2 0.000158720 94697885995896 8
E 1 168 2 0.000159270 94697885995904 8
E 1 169 2 0.000159824 94697885995912 8
E 1 170 2 0.000160377 94697885995920 8
E 1 171 2 0.000160924 94697885995928 8
E 1 172 2 0.000161482 94697885995936 8
E 1 173 2 0.000162068 94697885995944 8
E 1 174 2 0.000162625 94697885995952 8
E 1 175 2 0.000163175 94697885995960 8
E 1 176 2 0.000163734 94697885995968 8
E 1 177 2 0.000164279 94697885995976 8
E 1 178 2 0.000164833 94697885995984 8
E 1 179 2 0.000165391 94697885995992 8
E 1 180 2 0.000165949 94697885996000 8
E 1 181 2 0.000166501 94697885996008 8
L 1 182 0 0.000167136 94697885995328 8
L 1 183 1 0.000167799 94697885995504 8
E 1 184 2 0.000168388 94697885995856 8
L 1 185 0 0.000168995 94697885995336 8
L 1 186 1 0.000169612 94697885995512 8
E 1 187 2 0.000170190 94697885995864 8
L 1 188 0 0.000170753 94697885995344 8
L 1 189 1 0.000171343 94697885995520 8
E 1 190 2 0.000171901 94697885995872 8
L 1 191 0 0.000172437 94697885995352 8
L 1 192 1 0.000172998 94697885995528 8
E 1 193 2 0.000173559 94697885995880 8
L 1 194 0 0.000174099 94697885995360 8
L 1 195 1 0.000174668 94697885995536 8
E 1 196 2 0.000175225 94697885995888 8
L 1 197 0 0.000175767 94697885995368 8
L 1 198 1 0.000176340 94697885995544 8
E 1 199 2 0.000176901 94697885995896 8
L 1 200 0 0.000177444 94697885995376 8
L 1 201 1 0.000178017 94697885995552 8
E 1 202 2 0.000178565 94697885995904 8
L 1 203 0 0.000179102 94697885995384 8
L 1 204 1 0.000179672 94697885995560 8
E 1 205 2 0.000180224 94697885995912 8
L 1 206 0 0.000180786 94697885995392 8
L 1 207 1 0.000181359 94697885995568 8
E 1 208 2 0.000181913 94697885995920 8
L 1 209 0 0.000182504 94697885995400 8
L 1 210 1 0.000183063 94697885995576 8
E 1 211 2 0.000183617 94697885995928 8
L 1 212 0 0.000184153 94697885995408 8
L 1 213 1 0.000184724 94697885995584 8
E 1 214 2 0.000185274 94697885995936 8
L 1 215 0 0.000198548 94697885995416 8
L 1 216 1 0.000199635 94697885995592 8
E 1 217 2 0.000200524 94697885995944 8
L 1 218 0 0.000201808 94697885995424 8
L 1 219 1 0.000202683 94697885995600 8
E 1 220 2 0.000203664 94697885995952 8
L 1 221 0 0.000204902 94697885995432 8
L 1 222 1 0.000205827 94697885995608 8
E 1 223 2 0.000206842 94697885995960 8
L 1 224 0 0.000207854 94697885995440 8
L 1 225 1 0.000208871 94697885995616 8
E 1 226 2 0.000209889 94697885995968 8
L 1 227 0 0.000210909 94697885995448 8
L 1 228 1 0.000211907 94697885995624 8
E 1 229 2 0.000213218 94697885995976 8
L 1 230 0 0.000214642 94697885995456 8
L 1 231 1 0.000215544 94697885995632 8
E 1 232 2 0.000216456 94697885995984 8
L 1 233 0 0.000217398 94697885995464 8
L 1 234 1 0.000218719 94697885995640 8
E 1 235 2 0.000219689 94697885995992 8
L 1 236 0 0.000220665 94697885995472 8
L 1 237 1 0.000221715 94697885995648 8
E 1 238 2 0.000222730 94697885996000 8
L 1 239 0 0.000223731 94697885995480 8
L 1 240 1 0.000224771 94697885995656 8
E 1 241 2 0.000225424 94697885996008 8
L 2 242 2 0.000226219 94697885995856 8
L 2 243 2 0.000226813 94697885995864 8
L 2 244 2 0.000227387 94697885995872 8
L 2 245 2 0.000227949 94697885995880 8
L 2 246 2 0.000228500 94697885995888 8
L 2 247 2 0.000229053 94697885995896 8
L 2 248 2 0.000229602 94697885995904 8
L 2 249 2 0.000230161 94697885995912 8
L 2 250 2 0.000230711 94697885995920 8
L 2 251 2 0.000231262 94697885995928 8
L 2 252 2 0.000231816 94697885995936 8
L 2 253 2 0.000232384 94697885995944 8
L 2 254 2 0.000232940 94697885995952 8
L 2 255 2 0.000233497 94697885995960 8
L 2 256 2 0.000234043 94697885995968 8
L 2 257 2 0.000234592 94697885995976 8
L 2 258 2 0.000235138 94697885995984 8
L 2 259 2 0.000235688 94697885995992 8
L 2 260 2 0.000236239 94697885996000 8
L 2 261 2 0.000236782 94697885996008 8
L 2 262 2 0.000253964 94697885995856 8
L 2 263 2 0.000255380 94697885995864 8
L 2 264 2 0.000256420 94697885995872 8
L 2 265 2 0.000257298 94697885995880 8
L 2 266 2 0.000259030 94697885995888 8
L 2 267 2 0.000259993 94697885995896 8
L 2 268 2 0.000260939 94697885995904 8
L 2 269 2 0.000262319 94697885995912 8
L 2 270 2 0.000263237 94697885995920 8
L 2 271 2 0.000264502 94697885995928 8
L 2 272 2 0.000265630 94697885995936 8
L 2 273 2 0.000266579 94697885995944 8
L 2 274 2 0.000267901 94697885995952 8
L 2 275 2 0.000269140 94697885995960 8
L 2 276 2 0.000270040 94697885995968 8
L 2 277 2 0.000270926 94697885995976 8
L 2 278 2 0.000271829 94697885995984 8
L 2 279 2 0.000272723 94697885995992 8
L 2 280 2 0.000273662 94697885996000 8
L 2 281 2 0.000274581 94697885996008 8
F 282 23795.936496434 0.000279080
