I 1 25027.893816118
E 0 2 0 0.000017623 94651727319360 8
E 0 3 0 0.000020893 94651727319368 8
E 0 4 0 0.000022368 94651727319376 8
E 0 5 0 0.000023535 94651727319384 8
E 0 6 0 0.000024555 94651727319392 8
E 0 7 0 0.000025587 94651727319400 8
E 0 8 0 0.000026610 94651727319408 8
E 0 9 0 0.000027632 94651727319416 8
E 0 10 0 0.000028733 94651727319424 8
E 0 11 0 0.000029913 94651727319432 8
E 0 12 0 0.000030931 94651727319440 8
E 0 13 0 0.000032405 94651727319448 8
E 0 14 0 0.000033793 94651727319456 8
E 0 15 0 0.000035257 94651727319464 8
E 0 16 0 0.000036917 94651727319472 8
E 0 17 0 0.000038706 94651727319480 8
E 0 18 0 0.000040533 94651727319488 8
E 0 19 0 0.000042248 94651727319496 8
E 0 20 0 0.000043963 94651727319504 8
E 0 21 0 0.000045715 94651727319512 8
E 0 22 0 0.000048817 94651727319360 8
E 0 23 0 0.000050431 94651727319368 8
E 0 24 0 0.000051912 94651727319376 8
E 0 25 0 0.000054129 94651727319384 8
E 0 26 0 0.000056007 94651727319392 8
E 0 27 0 0.000057864 94651727319400 8
E 0 28 0 0.000059714 94651727319408 8
E 0 29 0 0.000061564 94651727319416 8
E 0 30 0 0.000063540 94651727319424 8
E 0 31 0 0.000065248 94651727319432 8
E 0 32 0 0.000067009 94651727319440 8
E 0 33 0 0.000068929 94651727319448 8
E 0 34 0 0.000070566 94651727319456 8
E 0 35 0 0.000072146 94651727319464 8
E 0 36 0 0.000073964 94651727319472 8
E 0 37 0 0.000075025 94651727319480 8
E 0 38 0 0.000076079 94651727319488 8
E 0 39 0 0.000077131 94651727319496 8
E 0 40 0 0.000078191 94651727319504 8
E 0 41 0 0.000079311 94651727319512 8
E 0 42 1 0.000080834 94651727319536 8
E 0 43 1 0.000081976 94651727319544 8
E 0 44 1 0.000082966 94651727319552 8
E 0 45 1 0.000083942 94651727319560 8
E 0 46 1 0.000084894 94651727319568 8
E 0 47 1 0.000085871 94651727319576 8
E 0 48 1 0.000086813 94651727319584 8
E 0 49 1 0.000087769 94651727319592 8
E 0 50 1 0.000088730 94651727319600 8
E 0 51 1 0.000089689 94651727319608 8
E 0 52 1 0.000090686 94651727319616 8
E 0 53 1 0.000091623 94651727319624 8
E 0 54 1 0.000092579 94651727319632 8
E 0 55 1 0.000093525 94651727319640 8
E 0 56 1 0.000094490 94651727319648 8
E 0 57 1 0.000095435 94651727319656 8
E 0 58 1 0.000096381 94651727319664 8
E 0 59 1 0.000097336 94651727319672 8
E 0 60 1 0.000098291 94651727319680 8
E 0 61 1 0.000099263 94651727319688 8
E 0 62 1 0.000100287 94651727319536 8
E 0 63 1 0.000101445 94651727319544 8
E 0 64 1 0.000102428 94651727319552 8
E 0 65 1 0.000103387 94651727319560 8
E 0 66 1 0.000104335 94651727319568 8
E 0 67 1 0.000105297 94651727319576 8
E 0 68 1 0.000119253 94651727319584 8
E 0 69 1 0.000120297 94651727319592 8
E 0 70 1 0.000121287 94651727319600 8
E 0 71 1 0.000122270 94651727319608 8
E 0 72 1 0.000123285 94651727319616 8
E 0 73 1 0.000124275 94651727319624 8
E 0 74 1 0.000125266 94651727319632 8
E 0 75 1 0.000126262 94651727319640 8
E 0 76 1 0.000127255 94651727319648 8
E 0 77 1 0.000128250 94651727319656 8
E 0 78 1 0.000129245 94651727319664 8
E 0 79 1 0.000130228 94651727319672 8
E 0 80 1 0.000131218 94651727319680 8
E 0 81 1 0.000132207 94651727319688 8
E 0 82 2 0.000133484 94651727319712 8
E 0 83 2 0.000134520 94651727319720 8
E 0 84 2 0.000135487 94651727319728 8
E 0 85 2 0.000136481 94651727319736 8
E 0 86 2 0.000137520 94651727319744 8
E 0 87 2 0.000138526 94651727319752 8
E 0 88 2 0.000139568 94651727319760 8
E 0 89 2 0.000140590 94651727319768 8
E 0 90 2 0.000141572 94651727319776 8
E 0 91 2 0.000142535 94651727319784 8
E 0 92 2 0.000143493 94651727319792 8
E 0 93 2 0.000144455 94651727319800 8
E 0 94 2 0.000145428 94651727319808 8
E 0 95 2 0.000146391 94651727319816 8
E 0 96 2 0.000147359 94651727319824 8
E 0 97 2 0.000148337 94651727319832 8
E 0 98 2 0.000149309 94651727319840 8
E 0 99 2 0.000150285 94651727319848 8
E 0 100 2 0.000151294 94651727319856 8
E 0 101 2 0.000152414 94651727319864 8
L 1 102 0 0.000153702 94651727319360 8
L 1 103 0 0.000155279 94651727319368 8
L 1 104 0 0.000156468 94651727319376 8
L 1 105 0 0.000157482 94651727319384 8
L 1 106 0 0.000158496 94651727319392 8
L 1 107 0 0.000159494 94651727319400 8
L 1 108 0 0.000160503 94651727319408 8
L 1 109 0 0.000161523 94651727319416 8
L 1 110 0 0.000192473 94651727319424 8
L 1 111 0 0.000193591 94651727319432 8
L 1 112 0 0.000194625 94651727319440 8
L 1 113 0 0.000195629 94651727319448 8
L 1 114 0 0.000196640 94651727319456 8
L 1 115 0 0.000197656 94651727319464 8
L 1 116 0 0.000198670 94651727319472 8
L 1 117 0 0.000199690 94651727319480 8
L 1 118 0 0.000200718 94651727319488 8
L 1 119 0 0.000201793 94651727319496 8
L 1 120 0 0.000202806 94651727319504 8
L 1 121 0 0.000203813 94651727319512 8
L 1 122 1 0.000204980 94651727319536 8
L 1 123 1 0.000206075 94651727319544 8
L 1 124 1 0.000207055 94651727319552 8
L 1 125 1 0.000208042 94651727319560 8
L 1 126 1 0.000209028 94651727319568 8
L 1 127 1 0.000209989 94651727319576 8
L 1 128 1 0.000210955 94651727319584 8
L 1 129 1 0.000211903 94651727319592 8
L 1 130 1 0.000212848 94651727319600 8
L 1 131 1 0.000214425 94651727319608 8
L 1 132 1 0.000215917 94651727319616 8
L 1 133 1 0.000217543 94651727319624 8
L 1 134 1 0.000219101 94651727319632 8
L 1 135 1 0.000220692 94651727319640 8
L 1 136 1 0.000222326 94651727319648 8
L 1 137 1 0.000224277 94651727319656 8
L 1 138 1 0.000225636 94651727319664 8
L 1 139 1 0.000226979 94651727319672 8
L 1 140 1 0.000228383 94651727319680 8
L 1 141 1 0.000229761 94651727319688 8
L 1 142 2 0.000231412 94651727319712 8
L 1 143 2 0.000233069 94651727319720 8
L 1 144 2 0.000234484 94651727319728 8
L 1 145 2 0.000236206 94651727319736 8
L 1 146 2 0.000237814 94651727319744 8
L 1 147 2 0.000239589 94651727319752 8
L 1 148 2 0.000241064 94651727319760 8
L 1 149 2 0.000242543 94651727319768 8
L 1 150 2 0.000244162 94651727319776 8
L 1 151 2 0.000245999 94651727319784 8
L 1 152 2 0.000247678 94651727319792 8
L 1 153 2 0.000249341 94651727319800 8
L 1 154 2 0.000250941 94651727319808 8
L 1 155 2 0.000252797 94651727319816 8
L 1 156 2 0.000254144 94651727319824 8
L 1 157 2 0.000255752 94651727319832 8
L 1 158 2 0.000257329 94651727319840 8
L 1 159 2 0.000258301 94651727319848 8
L 1 160 2 0.000259266 94651727319856 8
L 1 161 2 0.000260236 94651727319864 8
L 1 162 0 0.000261660 94651727319360 8
L 1 163 1 0.000262794 94651727319536 8
L 1 164 0 0.000263817 94651727319368 8
L 1 165 1 0.000264829 94651727319544 8
L 1 166 0 0.000265788 94651727319376 8
L 1 167 1 0.000266801 94651727319552 8
L 1 168 0 0.000267783 94651727319384 8
L 1 169 1 0.000268800 94651727319560 8
L 1 170 0 0.000269798 94651727319392 8
L 1 171 1 0.000270803 94651727319568 8
L 1 172 0 0.000271800 94651727319400 8
L 1 173 1 0.000272818 94651727319576 8
L 1 174 0 0.000273829 94651727319408 8
L 1 175 1 0.000274855 94651727319584 8
L 1 176 0 0.000275865 94651727319416 8
L 1 177 1 0.000276873 94651727319592 8
L 1 178 0 0.000277881 94651727319424 8
L 1 179 1 0.000278898 94651727319600 8
L 1 180 0 0.000279897 94651727319432 8
L 1 181 1 0.000280918 94651727319608 8
L 1 182 0 0.000281923 94651727319440 8
L 1 183 1 0.000282935 94651727319616 8
L 1 184 0 0.000283940 94651727319448 8
L 1 185 1 0.000284947 94651727319624 8
L 1 186 0 0.000285926 94651727319456 8
L 1 187 1 0.000286945 94651727319632 8
L 1 188 0 0.000287939 94651727319464 8
L 1 189 1 0.000288952 94651727319640 8
L 1 190 0 0.000289935 94651727319472 8
L 1 191 1 0.000290952 94651727319648 8
L 1 192 0 0.000291957 94651727319480 8
L 1 193 1 0.000292965 94651727319656 8
L 1 194 0 0.000293968 94651727319488 8
L 1 195 1 0.000294980 94651727319664 8
L 1 196 0 0.000296048 94651727319496 8
L 1 197 1 0.000297051 94651727319672 8
L 1 198 0 0.000298038 94651727319504 8
L 1 199 1 0.000299047 94651727319680 8
L 1 200 0 0.000300038 94651727319512 8
L 1 201 1 0.000301050 94651727319688 8
F 202 25027.894140722 0.000324604
