I 1 25027.902137202
E 0 2 0 0.000021290 94183232426304 8
E 0 3 0 0.000023453 94183232426312 8
E 0 4 0 0.000024528 94183232426320 8
E 0 5 0 0.000025380 94183232426328 8
E 0 6 0 0.000026139 94183232426336 8
E 0 7 0 0.000026939 94183232426344 8
E 0 8 0 0.000027702 94183232426352 8
E 0 9 0 0.000028446 94183232426360 8
E 0 10 0 0.000029198 94183232426368 8
E 0 11 0 0.000030084 94183232426376 8
E 0 12 0 0.000030846 94183232426384 8
E 0 13 0 0.000031611 94183232426392 8
E 0 14 0 0.000032365 94183232426400 8
E 0 15 0 0.000033147 94183232426408 8
E 0 16 0 0.000033893 94183232426416 8
E 0 17 0 0.000034648 94183232426424 8
E 0 18 0 0.000035421 94183232426432 8
E 0 19 0 0.000036186 94183232426440 8
E 0 20 0 0.000036951 94183232426448 8
E 0 21 0 0.000037703 94183232426456 8
E 0 22 0 0.000038880 94183232426304 8
E 0 23 0 0.000039791 94183232426312 8
E 0 24 0 0.000040643 94183232426320 8
E 0 25 0 0.000041456 94183232426328 8
E 0 26 0 0.000042224 94183232426336 8
E 0 27 0 0.000042995 94183232426344 8
E 0 28 0 0.000043760 94183232426352 8
E 0 29 0 0.000044532 94183232426360 8
E 0 30 0 0.000045301 94183232426368 8
E 0 31 0 0.000046074 94183232426376 8
E 0 32 0 0.000046900 94183232426384 8
E 0 33 0 0.000047671 94183232426392 8
E 0 34 0 0.000048441 94183232426400 8
E 0 35 0 0.000049228 94183232426408 8
E 0 36 0 0.000050016 94183232426416 8
E 0 37 0 0.000050866 94183232426424 8
E 0 38 0 0.000051649 94183232426432 8
E 0 39 0 0.000052421 94183232426440 8
E 0 40 0 0.000053187 94183232426448 8
E 0 41 0 0.000053969 94183232426456 8
L 1 42 0 0.000054928 94183232426304 8
L 1 43 0 0.000056162 94183232426312 8
L 1 44 0 0.000057164 94183232426320 8
L 1 45 0 0.000057986 94183232426328 8
L 1 46 0 0.000058737 94183232426336 8
L 1 47 0 0.000059495 94183232426344 8
L 1 48 0 0.000060291 94183232426352 8
L 1 49 0 0.000061042 94183232426360 8
L 1 50 0 0.000061792 94183232426368 8
L 1 51 0 0.000062539 94183232426376 8
L 1 52 0 0.000063289 94183232426384 8
L 1 53 0 0.000064039 94183232426392 8
L 1 54 0 0.000064788 94183232426400 8
L 1 55 0 0.000065538 94183232426408 8
L 1 56 0 0.000066291 94183232426416 8
L 1 57 0 0.000067041 94183232426424 8
L 1 58 0 0.000067797 94183232426432 8
L 1 59 0 0.000068541 94183232426440 8
L 1 60 0 0.000069298 94183232426448 8
L 1 61 0 0.000070056 94183232426456 8
L 1 62 0 0.000071180 94183232426304 8
L 1 63 0 0.000072034 94183232426312 8
L 1 64 0 0.000072804 94183232426320 8
L 1 65 0 0.000073552 94183232426328 8
L 1 66 0 0.000074302 94183232426336 8
L 1 67 0 0.000075058 94183232426344 8
L 1 68 0 0.000075812 94183232426352 8
L 1 69 0 0.000076576 94183232426360 8
L 1 70 0 0.000077339 94183232426368 8
L 1 71 0 0.000078106 94183232426376 8
L 1 72 0 0.000078866 94183232426384 8
L 1 73 0 0.000079631 94183232426392 8
L 1 74 0 0.000080400 94183232426400 8
L 1 75 0 0.000081166 94183232426408 8
L 1 76 0 0.000081928 94183232426416 8
L 1 77 0 0.000082695 94183232426424 8
L 1 78 0 0.000083462 94183232426432 8
L 1 79 0 0.000084214 94183232426440 8
L 1 80 0 0.000084968 94183232426448 8
L 1 81 0 0.000085765 94183232426456 8
F 82 25027.902239346 0.000102144
