I 1 25027.878235741
E 0 2 0 0.000042306 93948946403648 8
E 0 3 0 0.000047191 93948946403656 8
E 0 4 0 0.000049440 93948946403664 8
E 0 5 0 0.000051109 93948946403672 8
E 0 6 0 0.000052634 93948946403680 8
E 0 7 0 0.000054176 93948946403688 8
E 0 8 0 0.000055847 93948946403696 8
E 0 9 0 0.000057482 93948946403704 8
E 0 10 0 0.000058997 93948946403712 8
E 0 11 0 0.000060801 93948946403720 8
E 0 12 0 0.000062316 93948946403728 8
E 0 13 0 0.000063816 93948946403736 8
E 0 14 0 0.000065316 93948946403744 8
E 0 15 0 0.000066850 93948946403752 8
E 0 16 0 0.000068370 93948946403760 8
E 0 17 0 0.000069906 93948946403768 8
E 0 18 0 0.000071422 93948946403776 8
E 0 19 0 0.000072933 93948946403784 8
E 0 20 0 0.000074454 93948946403792 8
E 0 21 0 0.000075976 93948946403800 8
E 0 22 0 0.000078476 93948946403648 8
E 0 23 0 0.000080309 93948946403656 8
E 0 24 0 0.000081907 93948946403664 8
E 0 25 0 0.000083449 93948946403672 8
E 0 26 0 0.000085002 93948946403680 8
E 0 27 0 0.000086546 93948946403688 8
E 0 28 0 0.000088074 93948946403696 8
E 0 29 0 0.000089610 93948946403704 8
E 0 30 0 0.000091169 93948946403712 8
E 0 31 0 0.000092706 93948946403720 8
E 0 32 0 0.000094342 93948946403728 8
E 0 33 0 0.000095880 93948946403736 8
E 0 34 0 0.000097421 93948946403744 8
E 0 35 0 0.000098973 93948946403752 8
E 0 36 0 0.000101192 93948946403760 8
E 0 37 0 0.000103552 93948946403768 8
E 0 38 0 0.000105954 93948946403776 8
E 0 39 0 0.000108449 93948946403784 8
E 0 40 0 0.000111067 93948946403792 8
E 0 41 0 0.000113702 93948946403800 8
E 0 42 1 0.000116944 93948946403824 8
E 0 43 1 0.000119765 93948946403832 8
E 0 44 1 0.000121851 93948946403840 8
E 0 45 1 0.000124176 93948946403848 8
E 0 46 1 0.000126569 93948946403856 8
E 0 47 1 0.000128817 93948946403864 8
E 0 48 1 0.000131087 93948946403872 8
E 0 49 1 0.000134151 93948946403880 8
E 0 50 1 0.000136165 93948946403888 8
E 0 51 1 0.000138102 93948946403896 8
E 0 52 1 0.000140138 93948946403904 8
E 0 53 1 0.000142506 93948946403912 8
E 0 54 1 0.000145276 93948946403920 8
E 0 55 1 0.000147646 93948946403928 8
E 0 56 1 0.000150146 93948946403936 8
E 0 57 1 0.000152433 93948946403944 8
E 0 58 1 0.000154930 93948946403952 8
E 0 59 1 0.000157700 93948946403960 8
E 0 60 1 0.000160932 93948946403968 8
E 0 61 1 0.000163278 93948946403976 8
E 0 62 1 0.000166193 93948946403824 8
E 0 63 1 0.000168610 93948946403832 8
E 0 64 1 0.000170970 93948946403840 8
E 0 65 1 0.000173097 93948946403848 8
E 0 66 1 0.000175284 93948946403856 8
E 0 67 1 0.000177374 93948946403864 8
E 0 68 1 0.000179720 93948946403872 8
E 0 69 1 0.000181962 93948946403880 8
E 0 70 1 0.000184311 93948946403888 8
E 0 71 1 0.000186809 93948946403896 8
E 0 72 1 0.000189362 93948946403904 8
E 0 73 1 0.000191367 93948946403912 8
E 0 74 1 0.000193297 93948946403920 8
E 0 75 1 0.000195367 93948946403928 8
E 0 76 1 0.000197504 93948946403936 8
E 0 77 1 0.000199472 93948946403944 8
E 0 78 1 0.000201505 93948946403952 8
E 0 79 1 0.000203622 93948946403960 8
E 0 80 1 0.000205756 93948946403968 8
E 0 81 1 0.000207902 93948946403976 8
E 0 82 2 0.000210633 93948946404000 8
E 0 83 2 0.000212931 93948946404008 8
E 0 84 2 0.000215143 93948946404016 8
E 0 85 2 0.000217257 93948946404024 8
E 0 86 2 0.000219319 93948946404032 8
E 0 87 2 0.000221496 93948946404040 8
E 0 88 2 0.000224048 93948946404048 8
E 0 89 2 0.000226397 93948946404056 8
E 0 90 2 0.000228679 93948946404064 8
E 0 91 2 0.000230909 93948946404072 8
E 0 92 2 0.000233041 93948946404080 8
E 0 93 2 0.000235163 93948946404088 8
E 0 94 2 0.000237458 93948946404096 8
E 0 95 2 0.000239848 93948946404104 8
E 0 96 2 0.000241827 93948946404112 8
E 0 97 2 0.000243909 93948946404120 8
E 0 98 2 0.000246846 93948946404128 8
E 0 99 2 0.000249630 93948946404136 8
E 0 100 2 0.000251667 93948946404144 8
E 0 101 2 0.000254065 93948946404152 8
L 1 102 0 0.000256778 93948946403648 8
L 1 103 0 0.000260786 93948946403656 8
L 1 104 0 0.000264076 93948946403664 8
L 1 105 0 0.000266769 93948946403672 8
L 1 106 0 0.000269001 93948946403680 8
L 1 107 0 0.000270967 93948946403688 8
L 1 108 0 0.000272989 93948946403696 8
L 1 109 0 0.000275156 93948946403704 8
L 1 110 0 0.000353816 93948946403712 8
L 1 111 0 0.000357515 93948946403720 8
L 1 112 0 0.000359856 93948946403728 8
L 1 113 0 0.000362503 93948946403736 8
L 1 114 0 0.000365063 93948946403744 8
L 1 115 0 0.000367753 93948946403752 8
L 1 116 0 0.000370427 93948946403760 8
L 1 117 0 0.000372960 93948946403768 8
L 1 118 0 0.000375503 93948946403776 8
L 1 119 0 0.000377882 93948946403784 8
L 1 120 0 0.000380396 93948946403792 8
L 1 121 0 0.000382949 93948946403800 8
L 1 122 1 0.000386768 93948946403824 8
L 1 123 1 0.000389258 93948946403832 8
L 1 124 1 0.000391984 93948946403840 8
L 1 125 1 0.000395184 93948946403848 8
L 1 126 1 0.000398739 93948946403856 8
L 1 127 1 0.000400976 93948946403864 8
L 1 128 1 0.000403247 93948946403872 8
L 1 129 1 0.000405614 93948946403880 8
L 1 130 1 0.000407800 93948946403888 8
L 1 131 1 0.000409943 93948946403896 8
L 1 132 1 0.000412183 93948946403904 8
L 1 133 1 0.000414364 93948946403912 8
L 1 134 1 0.000416489 93948946403920 8
L 1 135 1 0.000418599 93948946403928 8
L 1 136 1 0.000420935 93948946403936 8
L 1 137 1 0.000424121 93948946403944 8
L 1 138 1 0.000426300 93948946403952 8
L 1 139 1 0.000428188 93948946403960 8
L 1 140 1 0.000430522 93948946403968 8
L 1 141 1 0.000432997 93948946403976 8
L 1 142 2 0.000436898 93948946404000 8
L 1 143 2 0.000440593 93948946404008 8
L 1 144 2 0.000442875 93948946404016 8
L 1 145 2 0.000444983 93948946404024 8
L 1 146 2 0.000447115 93948946404032 8
L 1 147 2 0.000449627 93948946404040 8
L 1 148 2 0.000451816 93948946404048 8
L 1 149 2 0.000453843 93948946404056 8
L 1 150 2 0.000455838 93948946404064 8
L 1 151 2 0.000457985 93948946404072 8
L 1 152 2 0.000460115 93948946404080 8
L 1 153 2 0.000462344 93948946404088 8
L 1 154 2 0.000464618 93948946404096 8
L 1 155 2 0.000466981 93948946404104 8
L 1 156 2 0.000469505 93948946404112 8
L 1 157 2 0.000471826 93948946404120 8
L 1 158 2 0.000474319 93948946404128 8
L 1 159 2 0.000476351 93948946404136 8
L 1 160 2 0.000478675 93948946404144 8
L 1 161 2 0.000480928 93948946404152 8
E 1 162 2 0.000486069 93948946404176 8
E 1 163 2 0.000490241 93948946404184 8
E 1 164 2 0.000493022 93948946404192 8
E 1 165 2 0.000495533 93948946404200 8
E 1 166 2 0.000498937 93948946404208 8
E 1 167 2 0.000501658 93948946404216 8
E 1 168 2 0.000504523 93948946404224 8
E 1 169 2 0.000507366 93948946404232 8
E 1 170 2 0.000510305 93948946404240 8
E 1 171 2 0.000514046 93948946404248 8
E 1 172 2 0.000516741 93948946404256 8
E 1 173 2 0.000520219 93948946404264 8
E 1 174 2 0.000524293 93948946404272 8
E 1 175 2 0.000527302 93948946404280 8
E 1 176 2 0.000530234 93948946404288 8
E 1 177 2 0.000532928 93948946404296 8
E 1 178 2 0.000535825 93948946404304 8
E 1 179 2 0.000538387 93948946404312 8
E 1 180 2 0.000540547 93948946404320 8
E 1 181 2 0.000543104 93948946404328 8
L 1 182 0 0.000546284 93948946403648 8
L 1 183 1 0.000549392 93948946403824 8
E 1 184 2 0.000552316 93948946404176 8
L 1 185 0 0.000555144 93948946403656 8
L 1 186 1 0.000557999 93948946403832 8
E 1 187 2 0.000560536 93948946404184 8
L 1 188 0 0.000562976 93948946403664 8
L 1 189 1 0.000565727 93948946403840 8
E 1 190 2 0.000568109 93948946404192 8
L 1 191 0 0.000570234 93948946403672 8
L 1 192 1 0.000572436 93948946403848 8
E 1 193 2 0.000574769 93948946404200 8
L 1 194 0 0.000576375 93948946403680 8
L 1 195 1 0.000577916 93948946403856 8
E 1 196 2 0.000579353 93948946404208 8
L 1 197 0 0.000580882 93948946403688 8
L 1 198 1 0.000582493 93948946403864 8
E 1 199 2 0.000583917 93948946404216 8
L 1 200 0 0.000585382 93948946403696 8
L 1 201 1 0.000586917 93948946403872 8
E 1 202 2 0.000588334 93948946404224 8
L 1 203 0 0.000589787 93948946403704 8
L 1 204 1 0.000591306 93948946403880 8
E 1 205 2 0.000592745 93948946404232 8
L 1 206 0 0.000594284 93948946403712 8
L 1 207 1 0.000595794 93948946403888 8
E 1 208 2 0.000597257 93948946404240 8
L 1 209 0 0.000598693 93948946403720 8
L 1 210 1 0.000600180 93948946403896 8
E 1 211 2 0.000601632 93948946404248 8
L 1 212 0 0.000603120 93948946403728 8
L 1 213 1 0.000604630 93948946403904 8
E 1 214 2 0.000606084 93948946404256 8
L 1 215 0 0.000648627 93948946403736 8
L 1 216 1 0.000650462 93948946403912 8
E 1 217 2 0.000651952 93948946404264 8
L 1 218 0 0.000653460 93948946403744 8
L 1 219 1 0.000654959 93948946403920 8
E 1 220 2 0.000656425 93948946404272 8
L 1 221 0 0.000657887 93948946403752 8
L 1 222 1 0.000659401 93948946403928 8
E 1 223 2 0.000660900 93948946404280 8
L 1 224 0 0.000662354 93948946403760 8
L 1 225 1 0.000663854 93948946403936 8
E 1 226 2 0.000665346 93948946404288 8
L 1 227 0 0.000666775 93948946403768 8
L 1 228 1 0.000668276 93948946403944 8
E 1 229 2 0.000669721 93948946404296 8
L 1 230 0 0.000671232 93948946403776 8
L 1 231 1 0.000672720 93948946403952 8
E 1 232 2 0.000674173 93948946404304 8
L 1 233 0 0.000675592 93948946403784 8
L 1 234 1 0.000677114 93948946403960 8
E 1 235 2 0.000678563 93948946404312 8
L 1 236 0 0.000680058 93948946403792 8
L 1 237 1 0.000681565 93948946403968 8
E 1 238 2 0.000682997 93948946404320 8
L 1 239 0 0.000684431 93948946403800 8
L 1 240 1 0.000685938 93948946403976 8
E 1 241 2 0.000687392 93948946404328 8
L 2 242 2 0.000689389 93948946404176 8
L 2 243 2 0.000690870 93948946404184 8
L 2 244 2 0.000692306 93948946404192 8
L 2 245 2 0.000693796 93948946404200 8
L 2 246 2 0.000695235 93948946404208 8
L 2 247 2 0.000696661 93948946404216 8
L 2 248 2 0.000698078 93948946404224 8
L 2 249 2 0.000699645 93948946404232 8
L 2 250 2 0.000701055 93948946404240 8
L 2 251 2 0.000702485 93948946404248 8
L 2 252 2 0.000703899 93948946404256 8
L 2 253 2 0.000705323 93948946404264 8
L 2 254 2 0.000706745 93948946404272 8
L 2 255 2 0.000708176 93948946404280 8
L 2 256 2 0.000709578 93948946404288 8
L 2 257 2 0.000710997 93948946404296 8
L 2 258 2 0.000712407 93948946404304 8
L 2 259 2 0.000713847 93948946404312 8
L 2 260 2 0.000715299 93948946404320 8
L 2 261 2 0.000716713 93948946404328 8
L 2 262 2 0.000763602 93948946404176 8
L 2 263 2 0.000767474 93948946404184 8
L 2 264 2 0.000770412 93948946404192 8
L 2 265 2 0.000772690 93948946404200 8
L 2 266 2 0.000777121 93948946404208 8
L 2 267 2 0.000779599 93948946404216 8
L 2 268 2 0.000782060 93948946404224 8
L 2 269 2 0.000785440 93948946404232 8
L 2 270 2 0.000787753 93948946404240 8
L 2 271 2 0.000791088 93948946404248 8
L 2 272 2 0.000794058 93948946404256 8
L 2 273 2 0.000796504 93948946404264 8
L 2 274 2 0.000800046 93948946404272 8
L 2 275 2 0.000803534 93948946404280 8
L 2 276 2 0.000805872 93948946404288 8
L 2 277 2 0.000808231 93948946404296 8
L 2 278 2 0.000810635 93948946404304 8
L 2 279 2 0.000812906 93948946404312 8
L 2 280 2 0.000815289 93948946404320 8
L 2 281 2 0.000817664 93948946404328 8
F 282 25027.879066699 0.000830958
